#
# A fatal error has been detected by the Java Runtime Environment:
#
#  EXCEPTION_ACCESS_VIOLATION (0xc0000005) at pc=0x00007ffc6efe3936, pid=14448, tid=8760
#
# JRE version: Java(TM) SE Runtime Environment 18.9 (11.0.7+8) (build 11.0.7+8-LTS)
# Java VM: Java HotSpot(TM) 64-Bit Server VM 18.9 (11.0.7+8-LTS, mixed mode, tiered, compressed oops, g1 gc, windows-amd64)
# Problematic frame:
# V  [jvm.dll+0x6f3936]
#
# No core dump will be written. Minidumps are not enabled by default on client versions of Windows
#
# If you would like to submit a bug report, please visit:
#   https://bugreport.java.com/bugreport/crash.jsp
#

---------------  S U M M A R Y ------------

Command Line: -Dcom.sun.management.jmxremote -Dcom.sun.management.jmxremote.port=45904 -Dcom.sun.management.jmxremote.authenticate=false -Dcom.sun.management.jmxremote.ssl=false -Djava.rmi.server.hostname=localhost -Dspring.jmx.enabled=true -Dspring.application.admin.enabled=true -Xverify:none -XX:TieredStopAtLevel=1 -Dspring.boot.project.name=cursomc -Dfile.encoding=UTF-8 com.maykon.cursomc.CursomcApplication --spring.output.ansi.enabled=always

Host: Intel(R) Core(TM) i5-3230M CPU @ 2.60GHz, 4 cores, 7G,  Windows 10 , 64 bit Build 18362 (10.0.18362.959)
Time: Tue Aug 25 10:20:26 2020 Hora oficial do Brasil elapsed time: 13 seconds (0d 0h 0m 13s)

---------------  T H R E A D  ---------------

Current thread (0x000001e9864bf000):  WatcherThread [stack: 0x000000d611700000,0x000000d611800000] [id=8760]

Stack: [0x000000d611700000,0x000000d611800000],  sp=0x000000d6117ff4c0,  free space=1021k
Native frames: (J=compiled Java code, j=interpreted, Vv=VM code, C=native code)
V  [jvm.dll+0x6f3936]
V  [jvm.dll+0x73fc7d]
V  [jvm.dll+0x765fe9]
V  [jvm.dll+0x75e875]
V  [jvm.dll+0x660b26]
C  [ucrtbase.dll+0x20e82]
C  [KERNEL32.DLL+0x17bd4]
C  [ntdll.dll+0x6ce51]


siginfo: EXCEPTION_ACCESS_VIOLATION (0xc0000005), reading address 0x0000000800000007


Register to memory mapping:

RIP=0x00007ffc6efe3936 jvm.dll
RAX=0x0000000800000007 is an unknown value
RBX=0x0 is NULL
RCX=0x000001e98645d250 points into unknown readable memory: e8 4a 1f 6f fc 7f 00 00
RDX=0x0000000000000032 is an unknown value
RSP=0x000000d6117ff4c0 points into unknown readable memory: 00 f0 4b 86 e9 01 00 00
RBP=0x0000000000000002 is an unknown value
RSI=0x000001e9863ffe30 points into unknown readable memory: 07 00 00 00 08 00 00 00
RDI=0x0000000000000001 is an unknown value
R8 =0x0 is NULL
R9 =0x000001e9ee790b80 is at begin+0 in a stub
StubRoutines::atomic_cmpxchg_long [0x000001e9ee790b80, 0x000001e9ee790b89[ (9 bytes)
R10=0x00000000546c6148 is an unknown value
R11=0x000004b5fcc3a9ed is an unknown value
R12=0x0 is NULL
R13=0x000001e9864bf000 points into unknown readable memory: 18 92 1f 6f fc 7f 00 00
R14=0x0000000000000032 is an unknown value
R15=0x000001e98634b1e0 points into unknown readable memory: 00 00 00 00 00 00 00 00


Registers:
RAX=0x0000000800000007, RBX=0x0000000000000000, RCX=0x000001e98645d250, RDX=0x0000000000000032
RSP=0x000000d6117ff4c0, RBP=0x0000000000000002, RSI=0x000001e9863ffe30, RDI=0x0000000000000001
R8 =0x0000000000000000, R9 =0x000001e9ee790b80, R10=0x00000000546c6148, R11=0x000004b5fcc3a9ed
R12=0x0000000000000000, R13=0x000001e9864bf000, R14=0x0000000000000032, R15=0x000001e98634b1e0
RIP=0x00007ffc6efe3936, EFLAGS=0x0000000000010246

Top of Stack: (sp=0x000000d6117ff4c0)
0x000000d6117ff4c0:   000001e9864bf000 000001e9864bf000
0x000000d6117ff4d0:   0002b76067fd36b8 00007ffc6ef242d9
0x000000d6117ff4e0:   00007ffc6f39abc8 00007ffc6f02fc7d
0x000000d6117ff4f0:   000001e9e63996a0 000001e9e63996a0
0x000000d6117ff500:   000001e9e63996a0 431bde82d7b634db
0x000000d6117ff510:   000001e98634b1e0 0002b76067fd36b8
0x000000d6117ff520:   000001e9e63996a0 00007ffc6f055fe9
0x000000d6117ff530:   0000000000000001 0000000000000032
0x000000d6117ff540:   0000000000000032 0000000000000002
0x000000d6117ff550:   0000000000000000 0000000000000000
0x000000d6117ff560:   0000000000000000 0000000000000000
0x000000d6117ff570:   0000000000000000 0000000000000000
0x000000d6117ff580:   0000000000000000 0000000000000000
0x000000d6117ff590:   000001e9864bf000 0000000000000000
0x000000d6117ff5a0:   0000000000100000 000000d6117ff7f0
0x000000d6117ff5b0:   000000d611700000 00007ffc6f04e875 

Instructions: (pc=0x00007ffc6efe3936)
0x00007ffc6efe3916:   cc cc cc cc cc cc cc cc cc cc 48 89 5c 24 10 56
0x00007ffc6efe3926:   48 83 ec 20 48 8b 35 67 23 3b 00 33 db 48 8b 06
0x00007ffc6efe3936:   39 18 7e 27 48 89 7c 24 30 8b fb 48 8b 40 18 48
0x00007ffc6efe3946:   8b 0c 07 48 8b 01 ff 50 08 48 8b 06 48 8d 7f 08 


Stack slot to memory mapping:
stack at sp + 0 slots: 0x000001e9864bf000 points into unknown readable memory: 18 92 1f 6f fc 7f 00 00
stack at sp + 1 slots: 0x000001e9864bf000 points into unknown readable memory: 18 92 1f 6f fc 7f 00 00
stack at sp + 2 slots: 0x0002b76067fd36b8 is an unknown value
stack at sp + 3 slots: 0x00007ffc6ef242d9 jvm.dll
stack at sp + 4 slots: 0x00007ffc6f39abc8 jvm.dll
stack at sp + 5 slots: 0x00007ffc6f02fc7d jvm.dll
stack at sp + 6 slots: 0x000001e9e63996a0 points into unknown readable memory: 01 00 00 00 00 00 00 00
stack at sp + 7 slots: 0x000001e9e63996a0 points into unknown readable memory: 01 00 00 00 00 00 00 00


---------------  P R O C E S S  ---------------

Threads class SMR info:
_java_thread_list=0x000001e98651f670, length=14, elements={
0x000001e9e639e800, 0x000001e9fe8a4800, 0x000001e9fe89b000, 0x000001e9ff212800,

[error occurred during error reporting (printing all threads), id 0xc0000005, EXCEPTION_ACCESS_VIOLATION (0xc0000005) at pc=0x00007ffc6f05a923]

VM state:not at safepoint (normal execution)

VM Mutex/Monitor currently owned by a thread:  ([mutex/lock_event])
[0x000001e9e63996a0] PeriodicTask_lock - owner thread: 0x000001e9864bf000

Heap address: 0x0000000081a00000, size: 2022 MB, Compressed Oops mode: 32-bit
Narrow klass base: 0x0000000000000000, Narrow klass shift: 3
Compressed class space size: 1073741824 Address: 0x0000000100000000

Heap:
 garbage-first heap   total 131072K, used 27295K [0x0000000081a00000, 0x0000000100000000)
  region size 1024K, 14 young (14336K), 1 survivors (1024K)
 Metaspace       used 13607K, capacity 14061K, committed 14208K, reserved 1062912K
  class space    used 1433K, capacity 1561K, committed 1664K, reserved 1048576K
Heap Regions: E=young(eden), S=young(survivor), O=old, HS=humongous(starts), HC=humongous(continues), CS=collection set, F=free, A=archive, TAMS=top-at-mark-start (previous, next)
|   0|0x0000000081a00000, 0x0000000081b00000, 0x0000000081b00000|100%|HS|  |TAMS 0x0000000081a00000, 0x0000000081a00000| Complete 
|   1|0x0000000081b00000, 0x0000000081c00000, 0x0000000081c00000|100%| O|  |TAMS 0x0000000081b00000, 0x0000000081b00000| Untracked 
|   2|0x0000000081c00000, 0x0000000081d00000, 0x0000000081d00000|100%| O|  |TAMS 0x0000000081c00000, 0x0000000081c00000| Untracked 
|   3|0x0000000081d00000, 0x0000000081e00000, 0x0000000081e00000|100%| O|  |TAMS 0x0000000081d00000, 0x0000000081d00000| Untracked 
|   4|0x0000000081e00000, 0x0000000081f00000, 0x0000000081f00000|100%| O|  |TAMS 0x0000000081e00000, 0x0000000081e00000| Untracked 
|   5|0x0000000081f00000, 0x0000000082000000, 0x0000000082000000|100%| O|  |TAMS 0x0000000081f00000, 0x0000000081f00000| Untracked 
|   6|0x0000000082000000, 0x0000000082100000, 0x0000000082100000|100%| O|  |TAMS 0x0000000082000000, 0x0000000082000000| Untracked 
|   7|0x0000000082100000, 0x0000000082200000, 0x0000000082200000|100%| O|  |TAMS 0x0000000082100000, 0x0000000082100000| Untracked 
|   8|0x0000000082200000, 0x0000000082300000, 0x0000000082300000|100%| O|  |TAMS 0x0000000082200000, 0x0000000082200000| Untracked 
|   9|0x0000000082300000, 0x0000000082400000, 0x0000000082400000|100%| O|  |TAMS 0x0000000082300000, 0x0000000082300000| Untracked 
|  10|0x0000000082400000, 0x0000000082500000, 0x0000000082500000|100%| O|  |TAMS 0x0000000082400000, 0x0000000082400000| Untracked 
|  11|0x0000000082500000, 0x0000000082600000, 0x0000000082600000|100%| O|  |TAMS 0x0000000082500000, 0x0000000082500000| Untracked 
|  12|0x0000000082600000, 0x0000000082700000, 0x0000000082700000|100%| O|  |TAMS 0x0000000082600000, 0x0000000082600000| Untracked 
|  13|0x0000000082700000, 0x0000000082800000, 0x0000000082800000|100%| O|  |TAMS 0x0000000082700000, 0x0000000082700000| Untracked 
|  14|0x0000000082800000, 0x00000000828a7c00, 0x0000000082900000| 65%| O|  |TAMS 0x0000000082800000, 0x0000000082800000| Untracked 
|  15|0x0000000082900000, 0x0000000082900000, 0x0000000082a00000|  0%| F|  |TAMS 0x0000000082900000, 0x0000000082900000| Untracked 
|  16|0x0000000082a00000, 0x0000000082a00000, 0x0000000082b00000|  0%| F|  |TAMS 0x0000000082a00000, 0x0000000082a00000| Untracked 
|  17|0x0000000082b00000, 0x0000000082b00000, 0x0000000082c00000|  0%| F|  |TAMS 0x0000000082b00000, 0x0000000082b00000| Untracked 
|  18|0x0000000082c00000, 0x0000000082c00000, 0x0000000082d00000|  0%| F|  |TAMS 0x0000000082c00000, 0x0000000082c00000| Untracked 
|  19|0x0000000082d00000, 0x0000000082d00000, 0x0000000082e00000|  0%| F|  |TAMS 0x0000000082d00000, 0x0000000082d00000| Untracked 
|  20|0x0000000082e00000, 0x0000000082e00000, 0x0000000082f00000|  0%| F|  |TAMS 0x0000000082e00000, 0x0000000082e00000| Untracked 
|  21|0x0000000082f00000, 0x0000000082f00000, 0x0000000083000000|  0%| F|  |TAMS 0x0000000082f00000, 0x0000000082f00000| Untracked 
|  22|0x0000000083000000, 0x0000000083000000, 0x0000000083100000|  0%| F|  |TAMS 0x0000000083000000, 0x0000000083000000| Untracked 
|  23|0x0000000083100000, 0x0000000083100000, 0x0000000083200000|  0%| F|  |TAMS 0x0000000083100000, 0x0000000083100000| Untracked 
|  24|0x0000000083200000, 0x0000000083200000, 0x0000000083300000|  0%| F|  |TAMS 0x0000000083200000, 0x0000000083200000| Untracked 
|  25|0x0000000083300000, 0x0000000083300000, 0x0000000083400000|  0%| F|  |TAMS 0x0000000083300000, 0x0000000083300000| Untracked 
|  26|0x0000000083400000, 0x0000000083400000, 0x0000000083500000|  0%| F|  |TAMS 0x0000000083400000, 0x0000000083400000| Untracked 
|  27|0x0000000083500000, 0x0000000083500000, 0x0000000083600000|  0%| F|  |TAMS 0x0000000083500000, 0x0000000083500000| Untracked 
|  28|0x0000000083600000, 0x0000000083600000, 0x0000000083700000|  0%| F|  |TAMS 0x0000000083600000, 0x0000000083600000| Untracked 
|  29|0x0000000083700000, 0x0000000083700000, 0x0000000083800000|  0%| F|  |TAMS 0x0000000083700000, 0x0000000083700000| Untracked 
|  30|0x0000000083800000, 0x0000000083800000, 0x0000000083900000|  0%| F|  |TAMS 0x0000000083800000, 0x0000000083800000| Untracked 
|  31|0x0000000083900000, 0x0000000083900000, 0x0000000083a00000|  0%| F|  |TAMS 0x0000000083900000, 0x0000000083900000| Untracked 
|  32|0x0000000083a00000, 0x0000000083a00000, 0x0000000083b00000|  0%| F|  |TAMS 0x0000000083a00000, 0x0000000083a00000| Untracked 
|  33|0x0000000083b00000, 0x0000000083b00000, 0x0000000083c00000|  0%| F|  |TAMS 0x0000000083b00000, 0x0000000083b00000| Untracked 
|  34|0x0000000083c00000, 0x0000000083c00000, 0x0000000083d00000|  0%| F|  |TAMS 0x0000000083c00000, 0x0000000083c00000| Untracked 
|  35|0x0000000083d00000, 0x0000000083d00000, 0x0000000083e00000|  0%| F|  |TAMS 0x0000000083d00000, 0x0000000083d00000| Untracked 
|  36|0x0000000083e00000, 0x0000000083e00000, 0x0000000083f00000|  0%| F|  |TAMS 0x0000000083e00000, 0x0000000083e00000| Untracked 
|  37|0x0000000083f00000, 0x0000000083f00000, 0x0000000084000000|  0%| F|  |TAMS 0x0000000083f00000, 0x0000000083f00000| Untracked 
|  38|0x0000000084000000, 0x0000000084000000, 0x0000000084100000|  0%| F|  |TAMS 0x0000000084000000, 0x0000000084000000| Untracked 
|  39|0x0000000084100000, 0x0000000084100000, 0x0000000084200000|  0%| F|  |TAMS 0x0000000084100000, 0x0000000084100000| Untracked 
|  40|0x0000000084200000, 0x0000000084200000, 0x0000000084300000|  0%| F|  |TAMS 0x0000000084200000, 0x0000000084200000| Untracked 
|  41|0x0000000084300000, 0x0000000084300000, 0x0000000084400000|  0%| F|  |TAMS 0x0000000084300000, 0x0000000084300000| Untracked 
|  42|0x0000000084400000, 0x0000000084400000, 0x0000000084500000|  0%| F|  |TAMS 0x0000000084400000, 0x0000000084400000| Untracked 
|  43|0x0000000084500000, 0x0000000084500000, 0x0000000084600000|  0%| F|  |TAMS 0x0000000084500000, 0x0000000084500000| Untracked 
|  44|0x0000000084600000, 0x0000000084600000, 0x0000000084700000|  0%| F|  |TAMS 0x0000000084600000, 0x0000000084600000| Untracked 
|  45|0x0000000084700000, 0x0000000084700000, 0x0000000084800000|  0%| F|  |TAMS 0x0000000084700000, 0x0000000084700000| Untracked 
|  46|0x0000000084800000, 0x0000000084800000, 0x0000000084900000|  0%| F|  |TAMS 0x0000000084800000, 0x0000000084800000| Untracked 
|  47|0x0000000084900000, 0x0000000084900000, 0x0000000084a00000|  0%| F|  |TAMS 0x0000000084900000, 0x0000000084900000| Untracked 
|  48|0x0000000084a00000, 0x0000000084a00000, 0x0000000084b00000|  0%| F|  |TAMS 0x0000000084a00000, 0x0000000084a00000| Untracked 
|  49|0x0000000084b00000, 0x0000000084b00000, 0x0000000084c00000|  0%| F|  |TAMS 0x0000000084b00000, 0x0000000084b00000| Untracked 
|  50|0x0000000084c00000, 0x0000000084c00000, 0x0000000084d00000|  0%| F|  |TAMS 0x0000000084c00000, 0x0000000084c00000| Untracked 
|  51|0x0000000084d00000, 0x0000000084d00000, 0x0000000084e00000|  0%| F|  |TAMS 0x0000000084d00000, 0x0000000084d00000| Untracked 
|  52|0x0000000084e00000, 0x0000000084e00000, 0x0000000084f00000|  0%| F|  |TAMS 0x0000000084e00000, 0x0000000084e00000| Untracked 
|  53|0x0000000084f00000, 0x0000000084f00000, 0x0000000085000000|  0%| F|  |TAMS 0x0000000084f00000, 0x0000000084f00000| Untracked 
|  54|0x0000000085000000, 0x0000000085000000, 0x0000000085100000|  0%| F|  |TAMS 0x0000000085000000, 0x0000000085000000| Untracked 
|  55|0x0000000085100000, 0x0000000085100000, 0x0000000085200000|  0%| F|  |TAMS 0x0000000085100000, 0x0000000085100000| Untracked 
|  56|0x0000000085200000, 0x0000000085200000, 0x0000000085300000|  0%| F|  |TAMS 0x0000000085200000, 0x0000000085200000| Untracked 
|  57|0x0000000085300000, 0x0000000085300000, 0x0000000085400000|  0%| F|  |TAMS 0x0000000085300000, 0x0000000085300000| Untracked 
|  58|0x0000000085400000, 0x0000000085400000, 0x0000000085500000|  0%| F|  |TAMS 0x0000000085400000, 0x0000000085400000| Untracked 
|  59|0x0000000085500000, 0x0000000085500000, 0x0000000085600000|  0%| F|  |TAMS 0x0000000085500000, 0x0000000085500000| Untracked 
|  60|0x0000000085600000, 0x0000000085600000, 0x0000000085700000|  0%| F|  |TAMS 0x0000000085600000, 0x0000000085600000| Untracked 
|  61|0x0000000085700000, 0x0000000085700000, 0x0000000085800000|  0%| F|  |TAMS 0x0000000085700000, 0x0000000085700000| Untracked 
|  62|0x0000000085800000, 0x0000000085800000, 0x0000000085900000|  0%| F|  |TAMS 0x0000000085800000, 0x0000000085800000| Untracked 
|  63|0x0000000085900000, 0x0000000085900000, 0x0000000085a00000|  0%| F|  |TAMS 0x0000000085900000, 0x0000000085900000| Untracked 
|  64|0x0000000085a00000, 0x0000000085a00000, 0x0000000085b00000|  0%| F|  |TAMS 0x0000000085a00000, 0x0000000085a00000| Untracked 
|  65|0x0000000085b00000, 0x0000000085b00000, 0x0000000085c00000|  0%| F|  |TAMS 0x0000000085b00000, 0x0000000085b00000| Untracked 
|  66|0x0000000085c00000, 0x0000000085c00000, 0x0000000085d00000|  0%| F|  |TAMS 0x0000000085c00000, 0x0000000085c00000| Untracked 
|  67|0x0000000085d00000, 0x0000000085d00000, 0x0000000085e00000|  0%| F|  |TAMS 0x0000000085d00000, 0x0000000085d00000| Untracked 
|  68|0x0000000085e00000, 0x0000000085e00000, 0x0000000085f00000|  0%| F|  |TAMS 0x0000000085e00000, 0x0000000085e00000| Untracked 
|  69|0x0000000085f00000, 0x0000000085f00000, 0x0000000086000000|  0%| F|  |TAMS 0x0000000085f00000, 0x0000000085f00000| Untracked 
|  70|0x0000000086000000, 0x0000000086000000, 0x0000000086100000|  0%| F|  |TAMS 0x0000000086000000, 0x0000000086000000| Untracked 
|  71|0x0000000086100000, 0x0000000086100000, 0x0000000086200000|  0%| F|  |TAMS 0x0000000086100000, 0x0000000086100000| Untracked 
|  72|0x0000000086200000, 0x0000000086200000, 0x0000000086300000|  0%| F|  |TAMS 0x0000000086200000, 0x0000000086200000| Untracked 
|  73|0x0000000086300000, 0x0000000086300000, 0x0000000086400000|  0%| F|  |TAMS 0x0000000086300000, 0x0000000086300000| Untracked 
|  74|0x0000000086400000, 0x0000000086400000, 0x0000000086500000|  0%| F|  |TAMS 0x0000000086400000, 0x0000000086400000| Untracked 
|  75|0x0000000086500000, 0x0000000086500000, 0x0000000086600000|  0%| F|  |TAMS 0x0000000086500000, 0x0000000086500000| Untracked 
|  76|0x0000000086600000, 0x0000000086600000, 0x0000000086700000|  0%| F|  |TAMS 0x0000000086600000, 0x0000000086600000| Untracked 
|  77|0x0000000086700000, 0x0000000086700000, 0x0000000086800000|  0%| F|  |TAMS 0x0000000086700000, 0x0000000086700000| Untracked 
|  78|0x0000000086800000, 0x0000000086800000, 0x0000000086900000|  0%| F|  |TAMS 0x0000000086800000, 0x0000000086800000| Untracked 
|  79|0x0000000086900000, 0x0000000086900000, 0x0000000086a00000|  0%| F|  |TAMS 0x0000000086900000, 0x0000000086900000| Untracked 
|  80|0x0000000086a00000, 0x0000000086a00000, 0x0000000086b00000|  0%| F|  |TAMS 0x0000000086a00000, 0x0000000086a00000| Untracked 
|  81|0x0000000086b00000, 0x0000000086b00000, 0x0000000086c00000|  0%| F|  |TAMS 0x0000000086b00000, 0x0000000086b00000| Untracked 
|  82|0x0000000086c00000, 0x0000000086c00000, 0x0000000086d00000|  0%| F|  |TAMS 0x0000000086c00000, 0x0000000086c00000| Untracked 
|  83|0x0000000086d00000, 0x0000000086d00000, 0x0000000086e00000|  0%| F|  |TAMS 0x0000000086d00000, 0x0000000086d00000| Untracked 
|  84|0x0000000086e00000, 0x0000000086e00000, 0x0000000086f00000|  0%| F|  |TAMS 0x0000000086e00000, 0x0000000086e00000| Untracked 
|  85|0x0000000086f00000, 0x0000000086f00000, 0x0000000087000000|  0%| F|  |TAMS 0x0000000086f00000, 0x0000000086f00000| Untracked 
|  86|0x0000000087000000, 0x0000000087000000, 0x0000000087100000|  0%| F|  |TAMS 0x0000000087000000, 0x0000000087000000| Untracked 
|  87|0x0000000087100000, 0x0000000087100000, 0x0000000087200000|  0%| F|  |TAMS 0x0000000087100000, 0x0000000087100000| Untracked 
|  88|0x0000000087200000, 0x0000000087200000, 0x0000000087300000|  0%| F|  |TAMS 0x0000000087200000, 0x0000000087200000| Untracked 
|  89|0x0000000087300000, 0x0000000087300000, 0x0000000087400000|  0%| F|  |TAMS 0x0000000087300000, 0x0000000087300000| Untracked 
|  90|0x0000000087400000, 0x0000000087400000, 0x0000000087500000|  0%| F|  |TAMS 0x0000000087400000, 0x0000000087400000| Untracked 
|  91|0x0000000087500000, 0x0000000087500000, 0x0000000087600000|  0%| F|  |TAMS 0x0000000087500000, 0x0000000087500000| Untracked 
|  92|0x0000000087600000, 0x0000000087600000, 0x0000000087700000|  0%| F|  |TAMS 0x0000000087600000, 0x0000000087600000| Untracked 
|  93|0x0000000087700000, 0x0000000087700000, 0x0000000087800000|  0%| F|  |TAMS 0x0000000087700000, 0x0000000087700000| Untracked 
|  94|0x0000000087800000, 0x0000000087800000, 0x0000000087900000|  0%| F|  |TAMS 0x0000000087800000, 0x0000000087800000| Untracked 
|  95|0x0000000087900000, 0x0000000087900000, 0x0000000087a00000|  0%| F|  |TAMS 0x0000000087900000, 0x0000000087900000| Untracked 
|  96|0x0000000087a00000, 0x0000000087a00000, 0x0000000087b00000|  0%| F|  |TAMS 0x0000000087a00000, 0x0000000087a00000| Untracked 
|  97|0x0000000087b00000, 0x0000000087b00000, 0x0000000087c00000|  0%| F|  |TAMS 0x0000000087b00000, 0x0000000087b00000| Untracked 
|  98|0x0000000087c00000, 0x0000000087c00000, 0x0000000087d00000|  0%| F|  |TAMS 0x0000000087c00000, 0x0000000087c00000| Untracked 
|  99|0x0000000087d00000, 0x0000000087d00000, 0x0000000087e00000|  0%| F|  |TAMS 0x0000000087d00000, 0x0000000087d00000| Untracked 
| 100|0x0000000087e00000, 0x0000000087e00000, 0x0000000087f00000|  0%| F|  |TAMS 0x0000000087e00000, 0x0000000087e00000| Untracked 
| 101|0x0000000087f00000, 0x0000000087f00000, 0x0000000088000000|  0%| F|  |TAMS 0x0000000087f00000, 0x0000000087f00000| Untracked 
| 102|0x0000000088000000, 0x0000000088000000, 0x0000000088100000|  0%| F|  |TAMS 0x0000000088000000, 0x0000000088000000| Untracked 
| 103|0x0000000088100000, 0x0000000088100000, 0x0000000088200000|  0%| F|  |TAMS 0x0000000088100000, 0x0000000088100000| Untracked 
| 104|0x0000000088200000, 0x0000000088200000, 0x0000000088300000|  0%| F|  |TAMS 0x0000000088200000, 0x0000000088200000| Untracked 
| 105|0x0000000088300000, 0x0000000088300000, 0x0000000088400000|  0%| F|  |TAMS 0x0000000088300000, 0x0000000088300000| Untracked 
| 106|0x0000000088400000, 0x0000000088400000, 0x0000000088500000|  0%| F|  |TAMS 0x0000000088400000, 0x0000000088400000| Untracked 
| 107|0x0000000088500000, 0x0000000088500000, 0x0000000088600000|  0%| F|  |TAMS 0x0000000088500000, 0x0000000088500000| Untracked 
| 108|0x0000000088600000, 0x0000000088600000, 0x0000000088700000|  0%| F|  |TAMS 0x0000000088600000, 0x0000000088600000| Untracked 
| 109|0x0000000088700000, 0x0000000088700000, 0x0000000088800000|  0%| F|  |TAMS 0x0000000088700000, 0x0000000088700000| Untracked 
| 110|0x0000000088800000, 0x0000000088800000, 0x0000000088900000|  0%| F|  |TAMS 0x0000000088800000, 0x0000000088800000| Untracked 
| 111|0x0000000088900000, 0x0000000088a00000, 0x0000000088a00000|100%| S|CS|TAMS 0x0000000088900000, 0x0000000088900000| Complete 
| 112|0x0000000088a00000, 0x0000000088b00000, 0x0000000088b00000|100%| S|CS|TAMS 0x0000000088a00000, 0x0000000088a00000| Complete 
| 113|0x0000000088b00000, 0x0000000088b00000, 0x0000000088c00000|  0%| F|  |TAMS 0x0000000088b00000, 0x0000000088b00000| Untracked 
| 114|0x0000000088c00000, 0x0000000088c00000, 0x0000000088d00000|  0%| F|  |TAMS 0x0000000088c00000, 0x0000000088c00000| Untracked 
| 115|0x0000000088d00000, 0x0000000088d00000, 0x0000000088e00000|  0%| F|  |TAMS 0x0000000088d00000, 0x0000000088d00000| Untracked 
| 116|0x0000000088e00000, 0x0000000088e00000, 0x0000000088f00000|  0%| F|  |TAMS 0x0000000088e00000, 0x0000000088e00000| Untracked 
| 117|0x0000000088f00000, 0x0000000088f00000, 0x0000000089000000|  0%| F|  |TAMS 0x0000000088f00000, 0x0000000088f00000| Untracked 
| 118|0x0000000089000000, 0x0000000089000000, 0x0000000089100000|  0%| F|  |TAMS 0x0000000089000000, 0x0000000089000000| Untracked 
| 119|0x0000000089100000, 0x0000000089100000, 0x0000000089200000|  0%| F|  |TAMS 0x0000000089100000, 0x0000000089100000| Untracked 
| 120|0x0000000089200000, 0x0000000089200000, 0x0000000089300000|  0%| F|  |TAMS 0x0000000089200000, 0x0000000089200000| Untracked 
| 121|0x0000000089300000, 0x0000000089300000, 0x0000000089400000|  0%| F|  |TAMS 0x0000000089300000, 0x0000000089300000| Untracked 
| 122|0x0000000089400000, 0x0000000089400000, 0x0000000089500000|  0%| F|  |TAMS 0x0000000089400000, 0x0000000089400000| Untracked 
| 123|0x0000000089500000, 0x0000000089500000, 0x0000000089600000|  0%| F|  |TAMS 0x0000000089500000, 0x0000000089500000| Untracked 
| 124|0x0000000089600000, 0x0000000089600000, 0x0000000089700000|  0%| F|  |TAMS 0x0000000089600000, 0x0000000089600000| Untracked 
| 125|0x0000000089700000, 0x0000000089700000, 0x0000000089800000|  0%| F|  |TAMS 0x0000000089700000, 0x0000000089700000| Untracked 
| 126|0x0000000089800000, 0x0000000089800000, 0x0000000089900000|  0%| F|  |TAMS 0x0000000089800000, 0x0000000089800000| Untracked 
| 127|0x0000000089900000, 0x00000000899ad3a8, 0x0000000089a00000| 67%| E|  |TAMS 0x0000000089900000, 0x0000000089900000| Complete 

Card table byte_map: [0x000001e9fdb90000,0x000001e9fdf90000] _byte_map_base: 0x000001e9fd783000

Marking Bits (Prev, Next): (CMBitMap*) 0x000001e9e63dc0f8, (CMBitMap*) 0x000001e9e63dc130
 Prev Bits: [0x000001e980000000, 0x000001e981f98000)
 Next Bits: [0x000001e981fa0000, 0x000001e983f38000)

Polling page: 0x000001e9e41a0000

Metaspace:

Usage:
  Non-class:     12.33 MB capacity,    12.05 MB ( 98%) used,   257.56 KB (  2%) free+waste,    34.56 KB ( <1%) overhead. 
      Class:      1.56 MB capacity,     1.42 MB ( 91%) used,   119.67 KB (  8%) free+waste,    16.94 KB (  1%) overhead. 
       Both:     13.89 MB capacity,    13.47 MB ( 97%) used,   377.23 KB (  3%) free+waste,    51.50 KB ( <1%) overhead. 

Virtual space:
  Non-class space:       14.00 MB reserved,      12.50 MB ( 89%) committed 
      Class space:        1.00 GB reserved,       1.63 MB ( <1%) committed 
             Both:        1.01 GB reserved,      14.13 MB (  1%) committed 

Chunk freelists:
   Non-Class:  5.50 KB
       Class:  896 bytes
        Both:  6.38 KB

CodeHeap 'non-profiled nmethods': size=238912Kb used=1941Kb max_used=1941Kb free=236970Kb
 bounds [0x000001e9eee40000, 0x000001e9ef0b0000, 0x000001e9fd790000]
CodeHeap 'non-nmethods': size=6848Kb used=1114Kb max_used=1114Kb free=5733Kb
 bounds [0x000001e9ee790000, 0x000001e9eea00000, 0x000001e9eee40000]
 total_blobs=1763 nmethods=1328 adapters=345
 compilation: enabled
              stopped_count=0, restarted_count=0
 full_count=0

Compilation events (10 events):
Event: 13.116 Thread 0x000001e9fe8b1000 nmethod 1118 0x000001e9eefbd210 code [0x000001e9eefbd3e0, 0x000001e9eefbd5b0]
Event: 13.116 Thread 0x000001e9fe8b1000 1119       1       java.lang.String::toUpperCase (29 bytes)
Event: 13.116 Thread 0x000001e9fe8b1000 nmethod 1119 0x000001e9eefbd710 code [0x000001e9eefbd8c0, 0x000001e9eefbda60]
Event: 13.119 Thread 0x000001e9fe8b1000 1120       1       java.nio.charset.Charset::isSupported (13 bytes)
Event: 13.119 Thread 0x000001e9fe8b1000 nmethod 1120 0x000001e9eefbdb10 code [0x000001e9eefbdcc0, 0x000001e9eefbddf0]
Event: 13.119 Thread 0x000001e9fe8b1000 1121       1       java.nio.charset.Charset::forName (20 bytes)
Event: 13.120 Thread 0x000001e9fe8b1000 nmethod 1121 0x000001e9eefbde90 code [0x000001e9eefbe040, 0x000001e9eefbe1c0]
Event: 13.120 Thread 0x000001e9fe8b1000 1122       1       java.lang.StringCoding::deref (19 bytes)
Event: 13.120 Thread 0x000001e9fe8b1000 nmethod 1122 0x000001e9eefbe290 code [0x000001e9eefbe440, 0x000001e9eefbe5e0]
Event: 13.120 Thread 0x000001e9fe8b1000 1123   !   1       java.lang.StringCoding::lookupCharset (24 bytes)

GC Heap History (4 events):
Event: 9.989 GC heap before
{Heap before GC invocations=0 (full 0):
 garbage-first heap   total 131072K, used 14336K [0x0000000081a00000, 0x0000000100000000)
  region size 1024K, 14 young (14336K), 0 survivors (0K)
 Metaspace       used 6078K, capacity 6170K, committed 6272K, reserved 1056768K
  class space    used 538K, capacity 567K, committed 640K, reserved 1048576K
}
Event: 10.016 GC heap after
{Heap after GC invocations=1 (full 0):
 garbage-first heap   total 131072K, used 11772K [0x0000000081a00000, 0x0000000100000000)
  region size 1024K, 2 young (2048K), 2 survivors (2048K)
 Metaspace       used 6078K, capacity 6170K, committed 6272K, reserved 1056768K
  class space    used 538K, capacity 567K, committed 640K, reserved 1048576K
}
Event: 10.335 GC heap before
{Heap before GC invocations=1 (full 0):
 garbage-first heap   total 131072K, used 14844K [0x0000000081a00000, 0x0000000100000000)
  region size 1024K, 6 young (6144K), 2 survivors (2048K)
 Metaspace       used 6078K, capacity 6170K, committed 6272K, reserved 1056768K
  class space    used 538K, capacity 567K, committed 640K, reserved 1048576K
}
Event: 10.342 GC heap after
{Heap after GC invocations=2 (full 0):
 garbage-first heap   total 131072K, used 16031K [0x0000000081a00000, 0x0000000100000000)
  region size 1024K, 1 young (1024K), 1 survivors (1024K)
 Metaspace       used 6078K, capacity 6170K, committed 6272K, reserved 1056768K
  class space    used 538K, capacity 567K, committed 640K, reserved 1048576K
}

Deoptimization events (0 events):
No events

Classes redefined (0 events):
No events

Internal exceptions (10 events):
Event: 11.724 Thread 0x000001e9e639e800 Exception <a 'java/lang/NoSuchMethodError'{0x000000008920a698}: java.lang.invoke.DirectMethodHandle$Holder.invokeSpecialIFC(Ljava/lang/Object;Ljava/lang/Object;Ljava/lang/Object;)I> (0x000000008920a698) thrown at [./open/src/hotspot/share/interpreter/link
Event: 11.782 Thread 0x000001e9e639e800 Exception <a 'java/lang/NoSuchMethodError'{0x0000000089271f40}: java.lang.invoke.DirectMethodHandle$Holder.invokeStatic(Ljava/lang/Object;IIII)Ljava/lang/Object;> (0x0000000089271f40) thrown at [./open/src/hotspot/share/interpreter/linkResolver.cpp, line 
Event: 11.782 Thread 0x000001e9e639e800 Exception <a 'java/lang/NoSuchMethodError'{0x0000000089275058}: java.lang.invoke.DirectMethodHandle$Holder.invokeStaticInit(Ljava/lang/Object;IIII)Ljava/lang/Object;> (0x0000000089275058) thrown at [./open/src/hotspot/share/interpreter/linkResolver.cpp, l
Event: 12.739 Thread 0x000001e9e639e800 Exception <a 'java/lang/NoSuchMethodError'{0x000000008911e200}: java.lang.invoke.DirectMethodHandle$Holder.invokeStatic(Ljava/lang/Object;Ljava/lang/Object;IIII)Ljava/lang/Object;> (0x000000008911e200) thrown at [./open/src/hotspot/share/interpreter/linkR
Event: 12.740 Thread 0x000001e9e639e800 Exception <a 'java/lang/NoSuchMethodError'{0x0000000089121548}: java.lang.invoke.DirectMethodHandle$Holder.invokeStaticInit(Ljava/lang/Object;Ljava/lang/Object;IIII)Ljava/lang/Object;> (0x0000000089121548) thrown at [./open/src/hotspot/share/interpreter/l
Event: 12.774 Thread 0x000001e9e639e800 Exception <a 'java/lang/ClassNotFoundException'{0x000000008913eaa8}: javax/management/remote/rmi/RMIServerImpl_Skel> (0x000000008913eaa8) thrown at [./open/src/hotspot/share/classfile/systemDictionary.cpp, line 228]
Event: 12.915 Thread 0x000001e9e639e800 Exception <a 'java/lang/ClassNotFoundException'{0x000000008900e950}: jdk/internal/agent/resources/spi/agentProvider> (0x000000008900e950) thrown at [./open/src/hotspot/share/classfile/systemDictionary.cpp, line 228]
Event: 12.945 Thread 0x000001e9e639e800 Exception <a 'java/lang/NoSuchMethodError'{0x0000000089064218}: java.lang.invoke.DirectMethodHandle$Holder.invokeStatic(Ljava/lang/Object;Ljava/lang/Object;Ljava/lang/Object;Ljava/lang/Object;Ljava/lang/Object;Ljava/lang/Object;Ljava/lang/Object;Ljava/lan
Event: 12.948 Thread 0x000001e9e639e800 Exception <a 'java/lang/NoSuchMethodError'{0x0000000089070a38}: java.lang.invoke.DirectMethodHandle$Holder.invokeStatic(Ljava/lang/Object;Ljava/lang/Object;Ljava/lang/Object;Ljava/lang/Object;Ljava/lang/Object;Ljava/lang/Object;Ljava/lang/Object;Ljava/lan
Event: 12.953 Thread 0x000001e9e639e800 Exception <a 'java/lang/NoSuchMethodError'{0x000000008908a510}: java.lang.invoke.DelegatingMethodHandle$Holder.reinvoke_L(Ljava/lang/Object;ILjava/lang/Object;)Ljava/lang/Object;> (0x000000008908a510) thrown at [./open/src/hotspot/share/interpreter/linkRe

Events (10 events):
Event: 13.061 loading class org/apache/logging/log4j/spi/ExtendedLogger
Event: 13.061 loading class org/apache/logging/log4j/spi/ExtendedLogger done
Event: 13.087 loading class org/apache/logging/log4j/Logger
Event: 13.087 loading class org/apache/logging/log4j/Logger done
Event: 13.115 loading class org/apache/logging/slf4j/SLF4JProvider
Event: 13.115 loading class org/apache/logging/slf4j/SLF4JProvider done
Event: 13.116 loading class org/apache/logging/log4j/spi/Provider
Event: 13.116 loading class org/apache/logging/log4j/spi/Provider done
Event: 13.118 loading class org/slf4j/spi/LocationAwareLogger
Event: 13.118 loading class org/slf4j/spi/LocationAwareLogger done


Dynamic libraries:
0x00007ff651d80000 - 0x00007ff651dc7000 	C:\Program Files\Java\jdk-11.0.7\bin\javaw.exe
0x00007ffcb4500000 - 0x00007ffcb46f0000 	C:\WINDOWS\SYSTEM32\ntdll.dll
0x00007ffcb2870000 - 0x00007ffcb2922000 	C:\WINDOWS\System32\KERNEL32.DLL
0x00007ffcb1860000 - 0x00007ffcb1b04000 	C:\WINDOWS\System32\KERNELBASE.dll
0x00007ffcb42d0000 - 0x00007ffcb4373000 	C:\WINDOWS\System32\ADVAPI32.dll
0x00007ffcb43b0000 - 0x00007ffcb444e000 	C:\WINDOWS\System32\msvcrt.dll
0x00007ffcb25b0000 - 0x00007ffcb2647000 	C:\WINDOWS\System32\sechost.dll
0x00007ffcb3f70000 - 0x00007ffcb4090000 	C:\WINDOWS\System32\RPCRT4.dll
0x00007ffcb3c70000 - 0x00007ffcb3e05000 	C:\WINDOWS\System32\USER32.dll
0x00007ffcb2350000 - 0x00007ffcb2371000 	C:\WINDOWS\System32\win32u.dll
0x00007ffcb4380000 - 0x00007ffcb43a6000 	C:\WINDOWS\System32\GDI32.dll
0x00007ffcb15c0000 - 0x00007ffcb1756000 	C:\WINDOWS\System32\gdi32full.dll
0x00007ffcb14a0000 - 0x00007ffcb153e000 	C:\WINDOWS\System32\msvcp_win.dll
0x00007ffcb1760000 - 0x00007ffcb185a000 	C:\WINDOWS\System32\ucrtbase.dll
0x00007ffca64c0000 - 0x00007ffca6744000 	C:\WINDOWS\WinSxS\amd64_microsoft.windows.common-controls_6595b64144ccf1df_6.0.18362.1016_none_9e7a36bbe461dae4\COMCTL32.dll
0x00007ffca78f0000 - 0x00007ffca78fa000 	C:\WINDOWS\SYSTEM32\VERSION.dll
0x00007ffcb2ab0000 - 0x00007ffcb2de5000 	C:\WINDOWS\System32\combase.dll
0x00007ffcb23e0000 - 0x00007ffcb2460000 	C:\WINDOWS\System32\bcryptPrimitives.dll
0x00007ffcb2660000 - 0x00007ffcb268e000 	C:\WINDOWS\System32\IMM32.DLL
0x00007ffc7bdd0000 - 0x00007ffc7bde6000 	C:\Program Files\Java\jdk-11.0.7\bin\vcruntime140.dll
0x00007ffc64240000 - 0x00007ffc642ea000 	C:\Program Files\Java\jdk-11.0.7\bin\msvcp140.dll
0x00007ffc6e8f0000 - 0x00007ffc6f451000 	C:\Program Files\Java\jdk-11.0.7\bin\server\jvm.dll
0x00007ffcb2650000 - 0x00007ffcb2658000 	C:\WINDOWS\System32\PSAPI.DLL
0x00007ffcaf430000 - 0x00007ffcaf454000 	C:\WINDOWS\SYSTEM32\WINMM.dll
0x00007ffc9f050000 - 0x00007ffc9f059000 	C:\WINDOWS\SYSTEM32\WSOCK32.dll
0x00007ffcaf400000 - 0x00007ffcaf42d000 	C:\WINDOWS\SYSTEM32\winmmbase.dll
0x00007ffcb3790000 - 0x00007ffcb37ff000 	C:\WINDOWS\System32\WS2_32.dll
0x00007ffcb1570000 - 0x00007ffcb15ba000 	C:\WINDOWS\System32\cfgmgr32.dll
0x00007ffcb1410000 - 0x00007ffcb1421000 	C:\WINDOWS\System32\kernel.appcore.dll
0x00007ffc90f10000 - 0x00007ffc90f21000 	C:\Program Files\Java\jdk-11.0.7\bin\verify.dll
0x00007ffc9ea20000 - 0x00007ffc9ec14000 	C:\WINDOWS\SYSTEM32\DBGHELP.DLL
0x00007ffca1ae0000 - 0x00007ffca1b0a000 	C:\WINDOWS\SYSTEM32\dbgcore.DLL
0x00007ffc909f0000 - 0x00007ffc90a19000 	C:\Program Files\Java\jdk-11.0.7\bin\java.dll
0x00007ffca6760000 - 0x00007ffca676a000 	C:\Program Files\Java\jdk-11.0.7\bin\jimage.dll
0x00007ffc90630000 - 0x00007ffc90646000 	C:\Program Files\Java\jdk-11.0.7\bin\zip.dll
0x00007ffcb2e10000 - 0x00007ffcb34f7000 	C:\WINDOWS\System32\SHELL32.dll
0x00007ffcb2760000 - 0x00007ffcb2809000 	C:\WINDOWS\System32\shcore.dll
0x00007ffcb1b10000 - 0x00007ffcb2292000 	C:\WINDOWS\System32\windows.storage.dll
0x00007ffcb1450000 - 0x00007ffcb1473000 	C:\WINDOWS\System32\profapi.dll
0x00007ffcb13c0000 - 0x00007ffcb140a000 	C:\WINDOWS\System32\powrprof.dll
0x00007ffcb13b0000 - 0x00007ffcb13c0000 	C:\WINDOWS\System32\UMPDC.dll
0x00007ffcb4460000 - 0x00007ffcb44b2000 	C:\WINDOWS\System32\shlwapi.dll
0x00007ffcb1480000 - 0x00007ffcb1497000 	C:\WINDOWS\System32\cryptsp.dll
0x00007ffc90130000 - 0x00007ffc90149000 	C:\Program Files\Java\jdk-11.0.7\bin\net.dll
0x00007ffca6250000 - 0x00007ffca6340000 	C:\WINDOWS\SYSTEM32\WINHTTP.dll
0x00007ffcb0bb0000 - 0x00007ffcb0c17000 	C:\WINDOWS\system32\mswsock.dll
0x00007ffc8fa10000 - 0x00007ffc8fa23000 	C:\Program Files\Java\jdk-11.0.7\bin\nio.dll
0x00007ffca4810000 - 0x00007ffca4819000 	C:\Program Files\Java\jdk-11.0.7\bin\management.dll
0x00007ffc8ed60000 - 0x00007ffc8ed6c000 	C:\Program Files\Java\jdk-11.0.7\bin\management_ext.dll
0x00007ffc9da40000 - 0x00007ffc9da56000 	C:\WINDOWS\system32\napinsp.dll
0x00007ffc9d920000 - 0x00007ffc9d93a000 	C:\WINDOWS\system32\pnrpnsp.dll
0x00007ffcb0910000 - 0x00007ffcb09db000 	C:\WINDOWS\SYSTEM32\DNSAPI.dll
0x00007ffcb4450000 - 0x00007ffcb4458000 	C:\WINDOWS\System32\NSI.dll
0x00007ffcb08c0000 - 0x00007ffcb08fa000 	C:\WINDOWS\SYSTEM32\IPHLPAPI.DLL
0x00007ffc9ced0000 - 0x00007ffc9cede000 	C:\WINDOWS\System32\winrnr.dll
0x00007ffcadbf0000 - 0x00007ffcadc0c000 	C:\WINDOWS\system32\NLAapi.dll
0x00007ffc9ceb0000 - 0x00007ffc9cec5000 	C:\WINDOWS\system32\wshbth.dll
0x00007ffca3440000 - 0x00007ffca344a000 	C:\Windows\System32\rasadhlp.dll
0x00007ffca7140000 - 0x00007ffca71b7000 	C:\WINDOWS\System32\fwpuclnt.dll
0x00007ffcb1540000 - 0x00007ffcb1566000 	C:\WINDOWS\System32\bcrypt.dll
0x00007ffcb0720000 - 0x00007ffcb0753000 	C:\WINDOWS\system32\rsaenh.dll
0x00007ffcb12a0000 - 0x00007ffcb12c5000 	C:\WINDOWS\SYSTEM32\USERENV.dll
0x00007ffcb0d80000 - 0x00007ffcb0d8c000 	C:\WINDOWS\SYSTEM32\CRYPTBASE.dll
0x00007ffca78b0000 - 0x00007ffca78c6000 	C:\WINDOWS\SYSTEM32\dhcpcsvc6.DLL
0x00007ffca7990000 - 0x00007ffca79ac000 	C:\WINDOWS\SYSTEM32\dhcpcsvc.DLL

dbghelp: loaded successfully - version: 4.0.5 - missing functions: none
symbol engine: initialized successfully - sym options: 0x614 - pdb path: .;C:\Program Files\Java\jdk-11.0.7\bin;C:\WINDOWS\SYSTEM32;C:\WINDOWS\WinSxS\amd64_microsoft.windows.common-controls_6595b64144ccf1df_6.0.18362.1016_none_9e7a36bbe461dae4;C:\Program Files\Java\jdk-11.0.7\bin\server

VM Arguments:
jvm_args: -Dcom.sun.management.jmxremote -Dcom.sun.management.jmxremote.port=45904 -Dcom.sun.management.jmxremote.authenticate=false -Dcom.sun.management.jmxremote.ssl=false -Djava.rmi.server.hostname=localhost -Dspring.jmx.enabled=true -Dspring.application.admin.enabled=true -Xverify:none -XX:TieredStopAtLevel=1 -Dspring.boot.project.name=cursomc -Dfile.encoding=UTF-8 
java_command: com.maykon.cursomc.CursomcApplication --spring.output.ansi.enabled=always
java_class_path (initial): D:\STS_curso_spring_ionic\cursomc\target\classes;C:\Users\Family\.m2\repository\org\springframework\boot\spring-boot-starter-web\2.3.2.RELEASE\spring-boot-starter-web-2.3.2.RELEASE.jar;C:\Users\Family\.m2\repository\org\springframework\boot\spring-boot-starter\2.3.2.RELEASE\spring-boot-starter-2.3.2.RELEASE.jar;C:\Users\Family\.m2\repository\org\springframework\boot\spring-boot-starter-logging\2.3.2.RELEASE\spring-boot-starter-logging-2.3.2.RELEASE.jar;C:\Users\Family\.m2\repository\ch\qos\logback\logback-classic\1.2.3\logback-classic-1.2.3.jar;C:\Users\Family\.m2\repository\ch\qos\logback\logback-core\1.2.3\logback-core-1.2.3.jar;C:\Users\Family\.m2\repository\org\apache\logging\log4j\log4j-to-slf4j\2.13.3\log4j-to-slf4j-2.13.3.jar;C:\Users\Family\.m2\repository\org\apache\logging\log4j\log4j-api\2.13.3\log4j-api-2.13.3.jar;C:\Users\Family\.m2\repository\org\slf4j\jul-to-slf4j\1.7.30\jul-to-slf4j-1.7.30.jar;C:\Users\Family\.m2\repository\jakarta\annotation\jakarta.annotation-api\1.3.5\jakarta.annotation-api-1.3.5.jar;C:\Users\Family\.m2\repository\org\yaml\snakeyaml\1.26\snakeyaml-1.26.jar;C:\Users\Family\.m2\repository\org\springframework\boot\spring-boot-starter-json\2.3.2.RELEASE\spring-boot-starter-json-2.3.2.RELEASE.jar;C:\Users\Family\.m2\repository\com\fasterxml\jackson\datatype\jackson-datatype-jdk8\2.11.1\jackson-datatype-jdk8-2.11.1.jar;C:\Users\Family\.m2\repository\com\fasterxml\jackson\datatype\jackson-datatype-jsr310\2.11.1\jackson-datatype-jsr310-2.11.1.jar;C:\Users\Family\.m2\repository\com\fasterxml\jackson\module\jackson-module-parameter-names\2.11.1\jackson-module-parameter-names-2.11.1.jar;C:\Users\Family\.m2\repository\org\springframework\boot\spring-boot-starter-tomcat\2.3.2.RELEASE\spring-boot-starter-tomcat-2.3.2.RELEASE.jar;C:\Users\Family\.m2\repository\org\apache\tomcat\embed\tomcat-embed-core\9.0.37\tomcat-embed-core-9.0.37.jar;C:\Users\Family\.m2\repository\org\glassfish\jakarta.el\3.0.3\jakarta.el-3.0.3.jar
Launcher Type: SUN_STANDARD

[Global flags]
     bool BytecodeVerificationLocal                = false                                     {product} {command line}
     bool BytecodeVerificationRemote               = false                                     {product} {command line}
     intx CICompilerCount                          = 3                                         {product} {ergonomic}
     uint ConcGCThreads                            = 1                                         {product} {ergonomic}
     uint G1ConcRefinementThreads                  = 4                                         {product} {ergonomic}
   size_t G1HeapRegionSize                         = 1048576                                   {product} {ergonomic}
    uintx GCDrainStackTargetSize                   = 64                                        {product} {ergonomic}
   size_t InitialHeapSize                          = 134217728                                 {product} {ergonomic}
     bool ManagementServer                         = true                                      {product} {command line}
   size_t MarkStackSize                            = 4194304                                   {product} {ergonomic}
   size_t MaxHeapSize                              = 2120220672                                {product} {ergonomic}
   size_t MaxNewSize                               = 1271922688                                {product} {ergonomic}
   size_t MinHeapDeltaBytes                        = 1048576                                   {product} {ergonomic}
    uintx NonNMethodCodeHeapSize                   = 6973028                                {pd product} {ergonomic}
    uintx NonProfiledCodeHeapSize                  = 244685212                              {pd product} {ergonomic}
    uintx ProfiledCodeHeapSize                     = 0                                      {pd product} {ergonomic}
    uintx ReservedCodeCacheSize                    = 251658240                              {pd product} {ergonomic}
     bool SegmentedCodeCache                       = true                                      {product} {ergonomic}
     intx TieredStopAtLevel                        = 1                                         {product} {command line}
     bool UseCompressedClassPointers               = true                                 {lp64_product} {ergonomic}
     bool UseCompressedOops                        = true                                 {lp64_product} {ergonomic}
     bool UseG1GC                                  = true                                      {product} {ergonomic}
     bool UseLargePagesIndividualAllocation        = false                                  {pd product} {ergonomic}

Logging:
Log output configuration:
 #0: stdout all=warning uptime,level,tags
 #1: stderr all=off uptime,level,tags

Environment Variables:
JAVA_HOME=C:\Program Files\Java\jdk-11.0.7
PATH=C:/Program Files/Java/jdk-11.0.7/bin/server;C:/Program Files/Java/jdk-11.0.7/bin;c:\Program Files\Microsoft MPI\Bin\;C:\WINDOWS\system32;C:\WINDOWS;C:\WINDOWS\System32\Wbem;C:\WINDOWS\System32\WindowsPowerShell\v1.0\;C:\WINDOWS\System32\OpenSSH\;C:\Program Files\Java\jdk-11.0.7\bin;C:\Program Files\Git\cmd;%JAVA_HOME%\bin;C:\Program Files\MongoDB\Server\4.4\bin;C:\xampp\mysql\bin;C:\Program Files\nodejs\;C:\Program Files\MySQL\MySQL Shell 8.0\bin\;C:\Users\Family\AppData\Local\Microsoft\WindowsApps;C:\Program Files\heroku\bin;C:\Users\Family\AppData\Roaming\npm;C:\Users\Family\AppData\Local\Programs\Microsoft VS Code\bin;C:\spring-tool-suite\sts-4.7.0.RELEASE;
USERNAME=Family
OS=Windows_NT
PROCESSOR_IDENTIFIER=Intel64 Family 6 Model 58 Stepping 9, GenuineIntel



---------------  S Y S T E M  ---------------

OS: Windows 10 , 64 bit Build 18362 (10.0.18362.959)

CPU:total 4 (initial active 4) (2 cores per cpu, 2 threads per core) family 6 model 58 stepping 9, cmov, cx8, fxsr, mmx, sse, sse2, sse3, ssse3, sse4.1, sse4.2, popcnt, avx, aes, clmul, erms, ht, tsc, tscinvbit, tscinv

Memory: 4k page, system-wide physical 8081M (2179M free)
TotalPageFile size 14081M (AvailPageFile size 6991M)
current process WorkingSet (physical memory assigned to process): 87M, peak: 87M
current process commit charge ("private bytes"): 221M, peak: 221M

vm_info: Java HotSpot(TM) 64-Bit Server VM (11.0.7+8-LTS) for windows-amd64 JRE (11.0.7+8-LTS), built on Mar 12 2020 02:04:32 by "mach5one" with MS VC++ 15.5 (VS2017)

END.
