#
# A fatal error has been detected by the Java Runtime Environment:
#
#  EXCEPTION_ACCESS_VIOLATION (0xc0000005) at pc=0x00007ffc88966cd0, pid=17312, tid=816
#
# JRE version: Java(TM) SE Runtime Environment 18.9 (11.0.7+8) (build 11.0.7+8-LTS)
# Java VM: Java HotSpot(TM) 64-Bit Server VM 18.9 (11.0.7+8-LTS, mixed mode, tiered, compressed oops, g1 gc, windows-amd64)
# Problematic frame:
# V  [jvm.dll+0x2c6cd0]
#
# No core dump will be written. Minidumps are not enabled by default on client versions of Windows
#
# If you would like to submit a bug report, please visit:
#   https://bugreport.java.com/bugreport/crash.jsp
#

---------------  S U M M A R Y ------------

Command Line: -Dcom.sun.management.jmxremote -Dcom.sun.management.jmxremote.port=2234 -Dcom.sun.management.jmxremote.authenticate=false -Dcom.sun.management.jmxremote.ssl=false -Djava.rmi.server.hostname=localhost -Dspring.jmx.enabled=true -Dspring.application.admin.enabled=true -Xverify:none -XX:TieredStopAtLevel=1 -Dspring.boot.project.name=cursomc -Dfile.encoding=UTF-8 com.maykon.cursomc.CursomcApplication --spring.output.ansi.enabled=always

Host: Intel(R) Core(TM) i5-3230M CPU @ 2.60GHz, 4 cores, 7G,  Windows 10 , 64 bit Build 18362 (10.0.18362.959)
Time: Fri Aug 28 08:44:41 2020 Hora oficial do Brasil elapsed time: 29 seconds (0d 0h 0m 29s)

---------------  T H R E A D  ---------------

Current thread (0x000002cfe902c800):  VMThread "VM Thread" [stack: 0x000000e720d00000,0x000000e720e00000] [id=816]

Stack: [0x000000e720d00000,0x000000e720e00000],  sp=0x000000e720dfe480,  free space=1017k
Native frames: (J=compiled Java code, j=interpreted, Vv=VM code, C=native code)
V  [jvm.dll+0x2c6cd0]
V  [jvm.dll+0x1e7174]
V  [jvm.dll+0x736fe0]
V  [jvm.dll+0x2ff999]
V  [jvm.dll+0x2fe5cc]
V  [jvm.dll+0x7aa5c8]
V  [jvm.dll+0x7a9d5c]
V  [jvm.dll+0x7a80e7]
V  [jvm.dll+0x7a8910]
V  [jvm.dll+0x7a8c17]
V  [jvm.dll+0x75e875]
V  [jvm.dll+0x660b26]
C  [ucrtbase.dll+0x20e82]
C  [KERNEL32.DLL+0x17bd4]
C  [ntdll.dll+0x6ce51]


siginfo: EXCEPTION_ACCESS_VIOLATION (0xc0000005), reading address 0x000000040000001b


Register to memory mapping:

RIP=0x00007ffc88966cd0 jvm.dll
RAX=0x000002cfeaa4c570 points into unknown readable memory: 03 00 00 00 04 00 00 00
RBX=0x000002cfe8ee2210 points into unknown readable memory: 00 00 00 00 00 00 00 00
RCX=0x000002cfeaa73bf0 points into unknown readable memory: 01 00 00 00 79 00 73 00
RDX=0x0 is NULL
RSP=0x000000e720dfe480 points into unknown readable memory: b0 08 c3 ca cf 02 00 00
RBP=0x0000000000000008 is an unknown value
RSI=0x0000000400000003 is an unknown value
RDI=0x000002cfcac31658 points into unknown readable memory: 10 f0 00 e9 cf 02 00 00
R8 =0x0 is NULL
R9 =0x0000000000000008 is an unknown value
R10=0x00000000546c6148 is an unknown value
R11=0x000000e720dfe598 points into unknown readable memory: 74 71 88 88 fc 7f 00 00
R12=0x000002cfe8fe7a01 points into unknown readable memory: 00 00 00 00 00 00 00
R13=0x00000000000003d8 is an unknown value
R14=0x0000000000000497 is an unknown value
R15=0x0000000000000001 is an unknown value


Registers:
RAX=0x000002cfeaa4c570, RBX=0x000002cfe8ee2210, RCX=0x000002cfeaa73bf0, RDX=0x0000000000000000
RSP=0x000000e720dfe480, RBP=0x0000000000000008, RSI=0x0000000400000003, RDI=0x000002cfcac31658
R8 =0x0000000000000000, R9 =0x0000000000000008, R10=0x00000000546c6148, R11=0x000000e720dfe598
R12=0x000002cfe8fe7a01, R13=0x00000000000003d8, R14=0x0000000000000497, R15=0x0000000000000001
RIP=0x00007ffc88966cd0, EFLAGS=0x0000000000010206

Top of Stack: (sp=0x000000e720dfe480)
0x000000e720dfe480:   000002cfcac308b0 000002cfe902c800
0x000000e720dfe490:   000002cfcac331f0 00007ffc88cd38c1
0x000000e720dfe4a0:   0000000000000000 000002cfeaa73bf0
0x000000e720dfe4b0:   0000000000000000 000002cfcac31658
0x000000e720dfe4c0:   000002cfcac308b0 00007ffc88cd3585
0x000000e720dfe4d0:   000002cfcac308b0 00007ffc88ca94cb
0x000000e720dfe4e0:   000002cfcac308b0 0000000000000000
0x000000e720dfe4f0:   0000000000000001 00007ffc88cd3635
0x000000e720dfe500:   000002cfe8ee2210 000002cfe902c800
0x000000e720dfe510:   0000000000000000 0000000100719b60
0x000000e720dfe520:   000002cfcac331f0 00007ffc88ca94cb
0x000000e720dfe530:   000002cfcac308b0 0000000000000001
0x000000e720dfe540:   0000000000000001 0000000000000001
0x000000e720dfe550:   000002cfe8ee2210 0000000000000001
0x000000e720dfe560:   0000be0597306b45 000002cfe8fe7a01
0x000000e720dfe570:   0000000000000001 0000000000000497 

Instructions: (pc=0x00007ffc88966cd0)
0x00007ffc88966cb0:   48 8b 41 08 48 8b 34 02 48 85 f6 0f 84 a4 01 00
0x00007ffc88966cc0:   00 0f 1f 40 00 66 66 66 0f 1f 84 00 00 00 00 00
0x00007ffc88966cd0:   48 8b 5e 18 45 33 f6 48 85 db 0f 84 68 01 00 00
0x00007ffc88966ce0:   48 8b cb e8 98 ff 3c 00 48 85 c0 0f 85 48 01 00 


Stack slot to memory mapping:
stack at sp + 0 slots: 0x000002cfcac308b0 points into unknown readable memory: 00 00 00 00 00 00 00 00
stack at sp + 1 slots: 0x000002cfe902c800 points into unknown readable memory: 98 76 fc 88 fc 7f 00 00
stack at sp + 2 slots: 0x000002cfcac331f0 points into unknown readable memory: 01 00 00 00 00 00 00 00
stack at sp + 3 slots: 0x00007ffc88cd38c1 jvm.dll
stack at sp + 4 slots: 0x0 is NULL
stack at sp + 5 slots: 0x000002cfeaa73bf0 points into unknown readable memory: 01 00 00 00 79 00 73 00
stack at sp + 6 slots: 0x0 is NULL
stack at sp + 7 slots: 0x000002cfcac31658 points into unknown readable memory: 10 f0 00 e9 cf 02 00 00

VM_Operation (0x000000e7209ff520): CGC_Operation, mode: safepoint, requested by thread 0x000002cfcac65000


---------------  P R O C E S S  ---------------

Threads class SMR info:
_java_thread_list=0x000002cfeeadea50, length=26, elements={
0x000002cfcac1e800, 0x000002cfe9052000, 0x000002cfe905a800, 0x000002cfe99d2800,
0x000002cfe99d3800, 0x000002cfe9072800, 0x000002cfe99d7800, 0x000002cfe8fe8800,
0x000002cfe9bfc800, 0x000002cfeaa80800, 0x000002cfeaa88000, 0x000002cfeaafb800,
0x000002cfeab1a800, 0x000002cfeab1b800, 0x000002cfeab8d000, 0x000002cfeac02000,
0x000002cfeaf3f800, 0x000002cfeaf44800, 0x000002cfead88000, 0x000002cfead86000,
0x000002cfead87000, 0x000002cfead88800, 0x000002cfee401800, 0x000002cfee400000,
0x000002cfee402000, 0x000002cfee400800
}

Java Threads: ( => current thread )
  0x000002cfcac1e800 JavaThread "main" [_thread_blocked, id=3692, stack(0x000000e720700000,0x000000e720800000)]
  0x000002cfe9052000 JavaThread "Reference Handler" daemon [_thread_blocked, id=14572, stack(0x000000e720e00000,0x000000e720f00000)]
  0x000002cfe905a800 JavaThread "Finalizer" daemon [_thread_blocked, id=12924, stack(0x000000e720f00000,0x000000e721000000)]
  0x000002cfe99d2800 JavaThread "Signal Dispatcher" daemon [_thread_blocked, id=11500, stack(0x000000e721000000,0x000000e721100000)]
  0x000002cfe99d3800 JavaThread "Attach Listener" daemon [_thread_blocked, id=9172, stack(0x000000e721100000,0x000000e721200000)]
  0x000002cfe9072800 JavaThread "C1 CompilerThread0" daemon [_thread_blocked, id=14412, stack(0x000000e721200000,0x000000e721300000)]
  0x000002cfe99d7800 JavaThread "Sweeper thread" daemon [_thread_blocked, id=8708, stack(0x000000e721300000,0x000000e721400000)]
  0x000002cfe8fe8800 JavaThread "Common-Cleaner" daemon [_thread_blocked, id=10320, stack(0x000000e721400000,0x000000e721500000)]
  0x000002cfe9bfc800 JavaThread "Service Thread" daemon [_thread_blocked, id=7868, stack(0x000000e721500000,0x000000e721600000)]
  0x000002cfeaa80800 JavaThread "RMI TCP Accept-0" daemon [_thread_in_native, id=2272, stack(0x000000e721800000,0x000000e721900000)]
  0x000002cfeaa88000 JavaThread "RMI TCP Accept-2234" daemon [_thread_in_native, id=6384, stack(0x000000e721900000,0x000000e721a00000)]
  0x000002cfeaafb800 JavaThread "RMI TCP Accept-0" daemon [_thread_in_native, id=14272, stack(0x000000e721a00000,0x000000e721b00000)]
  0x000002cfeab1a800 JavaThread "RMI TCP Connection(1)-127.0.0.1" daemon [_thread_in_native, id=8636, stack(0x000000e721c00000,0x000000e721d00000)]
  0x000002cfeab1b800 JavaThread "RMI Scheduler(0)" daemon [_thread_blocked, id=924, stack(0x000000e721d00000,0x000000e721e00000)]
  0x000002cfeab8d000 JavaThread "RMI TCP Connection(2)-127.0.0.1" daemon [_thread_blocked, id=4352, stack(0x000000e721e00000,0x000000e721f00000)]
  0x000002cfeac02000 JavaThread "JMX server connection timeout 19" daemon [_thread_blocked, id=1384, stack(0x000000e721f00000,0x000000e722000000)]
  0x000002cfeaf3f800 JavaThread "Thread-0" [_thread_blocked, id=300, stack(0x000000e722000000,0x000000e722100000)]
  0x000002cfeaf44800 JavaThread "restartedMain" [_thread_blocked, id=8180, stack(0x000000e722100000,0x000000e722200000)]
  0x000002cfead88000 JavaThread "mysql-cj-abandoned-connection-cleanup" daemon [_thread_blocked, id=16440, stack(0x000000e722200000,0x000000e722300000)]
  0x000002cfead86000 JavaThread "HikariPool-1 housekeeper" daemon [_thread_blocked, id=1188, stack(0x000000e722500000,0x000000e722600000)]
  0x000002cfead87000 JavaThread "HikariPool-1 connection adder" daemon [_thread_blocked, id=10832, stack(0x000000e722600000,0x000000e722700000)]
  0x000002cfead88800 JavaThread "Catalina-utility-1" [_thread_blocked, id=6900, stack(0x000000e722700000,0x000000e722800000)]
  0x000002cfee401800 JavaThread "Catalina-utility-2" [_thread_blocked, id=4548, stack(0x000000e722800000,0x000000e722900000)]
  0x000002cfee400000 JavaThread "container-0" [_thread_blocked, id=17224, stack(0x000000e722900000,0x000000e722a00000)]
  0x000002cfee402000 JavaThread "task-1" [_thread_blocked, id=17252, stack(0x000000e722a00000,0x000000e722b00000)]
  0x000002cfee400800 JavaThread "java-sdk-http-connection-reaper" daemon [_thread_blocked, id=11824, stack(0x000000e722b00000,0x000000e722c00000)]

Other Threads:
=>0x000002cfe902c800 VMThread "VM Thread" [stack: 0x000000e720d00000,0x000000e720e00000] [id=816]
  0x000002cfeab06000 WatcherThread [stack: 0x000000e721b00000,0x000000e721c00000] [id=14076]
  0x000002cfcac35000 GCTaskThread "GC Thread#0" [stack: 0x000000e720800000,0x000000e720900000] [id=11464]
  0x000002cfe9d8a000 GCTaskThread "GC Thread#1" [stack: 0x000000e721600000,0x000000e721700000] [id=9992]
  0x000002cfe9d8b000 GCTaskThread "GC Thread#2" [stack: 0x000000e721700000,0x000000e721800000] [id=6956]
  0x000002cfeaf87000 GCTaskThread "GC Thread#3" [stack: 0x000000e722300000,0x000000e722400000] [id=228]
  0x000002cfcac65000 ConcurrentGCThread "G1 Main Marker" [stack: 0x000000e720900000,0x000000e720a00000] [id=5076]
  0x000002cfcac67800 ConcurrentGCThread "G1 Conc#0" [stack: 0x000000e720a00000,0x000000e720b00000] [id=13768]
  0x000002cfe8e9c800 ConcurrentGCThread "G1 Refine#0" [stack: 0x000000e720b00000,0x000000e720c00000] [id=12996]
  0x000002cfe8e9d800 ConcurrentGCThread "G1 Young RemSet Sampling" [stack: 0x000000e720c00000,0x000000e720d00000] [id=7744]

Threads with active compile tasks:

VM state:at safepoint (normal execution)

VM Mutex/Monitor currently owned by a thread:  ([mutex/lock_event])
[0x000002cfcac1a2d0] Threads_lock - owner thread: 0x000002cfe902c800
[0x000002cfcac1a900] Heap_lock - owner thread: 0x000002cfcac65000

Heap address: 0x0000000081a00000, size: 2022 MB, Compressed Oops mode: 32-bit
Narrow klass base: 0x0000000000000000, Narrow klass shift: 3
Compressed class space size: 1073741824 Address: 0x0000000100000000

Heap:
 garbage-first heap   total 157696K, used 48037K [0x0000000081a00000, 0x0000000100000000)
  region size 1024K, 11 young (11264K), 4 survivors (4096K)
 Metaspace       used 59149K, capacity 60760K, committed 60956K, reserved 1101824K
  class space    used 7771K, capacity 8370K, committed 8396K, reserved 1048576K
Heap Regions: E=young(eden), S=young(survivor), O=old, HS=humongous(starts), HC=humongous(continues), CS=collection set, F=free, A=archive, TAMS=top-at-mark-start (previous, next)
|   0|0x0000000081a00000, 0x0000000081b00000, 0x0000000081b00000|100%|HS|  |TAMS 0x0000000081b00000, 0x0000000081b00000| Complete 
|   1|0x0000000081b00000, 0x0000000081c00000, 0x0000000081c00000|100%| O|  |TAMS 0x0000000081c00000, 0x0000000081c00000| Untracked 
|   2|0x0000000081c00000, 0x0000000081d00000, 0x0000000081d00000|100%| O|  |TAMS 0x0000000081d00000, 0x0000000081d00000| Untracked 
|   3|0x0000000081d00000, 0x0000000081e00000, 0x0000000081e00000|100%| O|  |TAMS 0x0000000081e00000, 0x0000000081e00000| Untracked 
|   4|0x0000000081e00000, 0x0000000081f00000, 0x0000000081f00000|100%| O|  |TAMS 0x0000000081f00000, 0x0000000081f00000| Untracked 
|   5|0x0000000081f00000, 0x0000000082000000, 0x0000000082000000|100%| O|  |TAMS 0x0000000082000000, 0x0000000082000000| Untracked 
|   6|0x0000000082000000, 0x0000000082100000, 0x0000000082100000|100%| O|  |TAMS 0x0000000082100000, 0x0000000082100000| Untracked 
|   7|0x0000000082100000, 0x0000000082200000, 0x0000000082200000|100%| O|  |TAMS 0x0000000082200000, 0x0000000082200000| Untracked 
|   8|0x0000000082200000, 0x0000000082300000, 0x0000000082300000|100%| O|  |TAMS 0x0000000082300000, 0x0000000082300000| Untracked 
|   9|0x0000000082300000, 0x0000000082400000, 0x0000000082400000|100%| O|  |TAMS 0x0000000082400000, 0x0000000082400000| Untracked 
|  10|0x0000000082400000, 0x0000000082500000, 0x0000000082500000|100%| O|  |TAMS 0x0000000082500000, 0x0000000082500000| Untracked 
|  11|0x0000000082500000, 0x0000000082600000, 0x0000000082600000|100%| O|  |TAMS 0x0000000082600000, 0x0000000082600000| Untracked 
|  12|0x0000000082600000, 0x0000000082700000, 0x0000000082700000|100%| O|  |TAMS 0x0000000082700000, 0x0000000082700000| Untracked 
|  13|0x0000000082700000, 0x0000000082800000, 0x0000000082800000|100%| O|  |TAMS 0x0000000082800000, 0x0000000082800000| Untracked 
|  14|0x0000000082800000, 0x0000000082900000, 0x0000000082900000|100%| O|  |TAMS 0x0000000082900000, 0x0000000082900000| Untracked 
|  15|0x0000000082900000, 0x0000000082a00000, 0x0000000082a00000|100%| O|  |TAMS 0x0000000082a00000, 0x0000000082a00000| Untracked 
|  16|0x0000000082a00000, 0x0000000082b00000, 0x0000000082b00000|100%| O|  |TAMS 0x0000000082b00000, 0x0000000082b00000| Untracked 
|  17|0x0000000082b00000, 0x0000000082c00000, 0x0000000082c00000|100%| O|  |TAMS 0x0000000082c00000, 0x0000000082c00000| Untracked 
|  18|0x0000000082c00000, 0x0000000082d00000, 0x0000000082d00000|100%| O|  |TAMS 0x0000000082d00000, 0x0000000082d00000| Untracked 
|  19|0x0000000082d00000, 0x0000000082e00000, 0x0000000082e00000|100%| O|  |TAMS 0x0000000082e00000, 0x0000000082e00000| Untracked 
|  20|0x0000000082e00000, 0x0000000082f00000, 0x0000000082f00000|100%| O|  |TAMS 0x0000000082f00000, 0x0000000082f00000| Untracked 
|  21|0x0000000082f00000, 0x0000000083000000, 0x0000000083000000|100%| O|  |TAMS 0x0000000083000000, 0x0000000083000000| Untracked 
|  22|0x0000000083000000, 0x0000000083100000, 0x0000000083100000|100%| O|  |TAMS 0x0000000083100000, 0x0000000083100000| Untracked 
|  23|0x0000000083100000, 0x0000000083200000, 0x0000000083200000|100%| O|  |TAMS 0x00000000831b9a00, 0x0000000083200000| Untracked 
|  24|0x0000000083200000, 0x0000000083300000, 0x0000000083300000|100%| O|  |TAMS 0x0000000083200000, 0x0000000083300000| Untracked 
|  25|0x0000000083300000, 0x0000000083400000, 0x0000000083400000|100%| O|  |TAMS 0x0000000083300000, 0x0000000083400000| Untracked 
|  26|0x0000000083400000, 0x0000000083500000, 0x0000000083500000|100%| O|  |TAMS 0x0000000083400000, 0x0000000083500000| Untracked 
|  27|0x0000000083500000, 0x0000000083600000, 0x0000000083600000|100%| O|  |TAMS 0x0000000083500000, 0x0000000083600000| Untracked 
|  28|0x0000000083600000, 0x0000000083700000, 0x0000000083700000|100%| O|  |TAMS 0x0000000083600000, 0x0000000083700000| Untracked 
|  29|0x0000000083700000, 0x0000000083800000, 0x0000000083800000|100%| O|  |TAMS 0x0000000083700000, 0x0000000083800000| Untracked 
|  30|0x0000000083800000, 0x0000000083900000, 0x0000000083900000|100%| O|  |TAMS 0x0000000083800000, 0x0000000083900000| Untracked 
|  31|0x0000000083900000, 0x0000000083a00000, 0x0000000083a00000|100%| O|  |TAMS 0x0000000083900000, 0x0000000083a00000| Untracked 
|  32|0x0000000083a00000, 0x0000000083b00000, 0x0000000083b00000|100%| O|  |TAMS 0x0000000083a00000, 0x0000000083b00000| Untracked 
|  33|0x0000000083b00000, 0x0000000083c00000, 0x0000000083c00000|100%| O|  |TAMS 0x0000000083b00000, 0x0000000083c00000| Untracked 
|  34|0x0000000083c00000, 0x0000000083d00000, 0x0000000083d00000|100%| O|  |TAMS 0x0000000083c00000, 0x0000000083d00000| Untracked 
|  35|0x0000000083d00000, 0x0000000083e00000, 0x0000000083e00000|100%| O|  |TAMS 0x0000000083d00000, 0x0000000083e00000| Untracked 
|  36|0x0000000083e00000, 0x0000000083f00000, 0x0000000083f00000|100%| O|  |TAMS 0x0000000083e00000, 0x0000000083f00000| Untracked 
|  37|0x0000000083f00000, 0x0000000083f55c00, 0x0000000084000000| 33%| O|  |TAMS 0x0000000083f00000, 0x0000000083f55c00| Untracked 
|  38|0x0000000084000000, 0x0000000084000000, 0x0000000084100000|  0%| F|  |TAMS 0x0000000084000000, 0x0000000084000000| Untracked 
|  39|0x0000000084100000, 0x0000000084100000, 0x0000000084200000|  0%| F|  |TAMS 0x0000000084100000, 0x0000000084100000| Untracked 
|  40|0x0000000084200000, 0x0000000084200000, 0x0000000084300000|  0%| F|  |TAMS 0x0000000084200000, 0x0000000084200000| Untracked 
|  41|0x0000000084300000, 0x0000000084300000, 0x0000000084400000|  0%| F|  |TAMS 0x0000000084300000, 0x0000000084300000| Untracked 
|  42|0x0000000084400000, 0x0000000084400000, 0x0000000084500000|  0%| F|  |TAMS 0x0000000084400000, 0x0000000084400000| Untracked 
|  43|0x0000000084500000, 0x0000000084500000, 0x0000000084600000|  0%| F|  |TAMS 0x0000000084500000, 0x0000000084500000| Untracked 
|  44|0x0000000084600000, 0x0000000084600000, 0x0000000084700000|  0%| F|  |TAMS 0x0000000084600000, 0x0000000084600000| Untracked 
|  45|0x0000000084700000, 0x0000000084700000, 0x0000000084800000|  0%| F|  |TAMS 0x0000000084700000, 0x0000000084700000| Untracked 
|  46|0x0000000084800000, 0x0000000084800000, 0x0000000084900000|  0%| F|  |TAMS 0x0000000084800000, 0x0000000084800000| Untracked 
|  47|0x0000000084900000, 0x0000000084900000, 0x0000000084a00000|  0%| F|  |TAMS 0x0000000084900000, 0x0000000084900000| Untracked 
|  48|0x0000000084a00000, 0x0000000084a00000, 0x0000000084b00000|  0%| F|  |TAMS 0x0000000084a00000, 0x0000000084a00000| Untracked 
|  49|0x0000000084b00000, 0x0000000084b00000, 0x0000000084c00000|  0%| F|  |TAMS 0x0000000084b00000, 0x0000000084b00000| Untracked 
|  50|0x0000000084c00000, 0x0000000084c00000, 0x0000000084d00000|  0%| F|  |TAMS 0x0000000084c00000, 0x0000000084c00000| Untracked 
|  51|0x0000000084d00000, 0x0000000084d00000, 0x0000000084e00000|  0%| F|  |TAMS 0x0000000084d00000, 0x0000000084d00000| Untracked 
|  52|0x0000000084e00000, 0x0000000084e00000, 0x0000000084f00000|  0%| F|  |TAMS 0x0000000084e00000, 0x0000000084e00000| Untracked 
|  53|0x0000000084f00000, 0x0000000084f00000, 0x0000000085000000|  0%| F|  |TAMS 0x0000000084f00000, 0x0000000084f00000| Untracked 
|  54|0x0000000085000000, 0x0000000085000000, 0x0000000085100000|  0%| F|  |TAMS 0x0000000085000000, 0x0000000085000000| Untracked 
|  55|0x0000000085100000, 0x0000000085100000, 0x0000000085200000|  0%| F|  |TAMS 0x0000000085100000, 0x0000000085100000| Untracked 
|  56|0x0000000085200000, 0x0000000085200000, 0x0000000085300000|  0%| F|  |TAMS 0x0000000085200000, 0x0000000085200000| Untracked 
|  57|0x0000000085300000, 0x0000000085300000, 0x0000000085400000|  0%| F|  |TAMS 0x0000000085300000, 0x0000000085300000| Untracked 
|  58|0x0000000085400000, 0x0000000085400000, 0x0000000085500000|  0%| F|  |TAMS 0x0000000085400000, 0x0000000085400000| Untracked 
|  59|0x0000000085500000, 0x0000000085500000, 0x0000000085600000|  0%| F|  |TAMS 0x0000000085500000, 0x0000000085500000| Untracked 
|  60|0x0000000085600000, 0x0000000085600000, 0x0000000085700000|  0%| F|  |TAMS 0x0000000085600000, 0x0000000085600000| Untracked 
|  61|0x0000000085700000, 0x0000000085700000, 0x0000000085800000|  0%| F|  |TAMS 0x0000000085700000, 0x0000000085700000| Untracked 
|  62|0x0000000085800000, 0x0000000085800000, 0x0000000085900000|  0%| F|  |TAMS 0x0000000085800000, 0x0000000085800000| Untracked 
|  63|0x0000000085900000, 0x0000000085900000, 0x0000000085a00000|  0%| F|  |TAMS 0x0000000085900000, 0x0000000085900000| Untracked 
|  64|0x0000000085a00000, 0x0000000085a00000, 0x0000000085b00000|  0%| F|  |TAMS 0x0000000085a00000, 0x0000000085a00000| Untracked 
|  65|0x0000000085b00000, 0x0000000085b00000, 0x0000000085c00000|  0%| F|  |TAMS 0x0000000085b00000, 0x0000000085b00000| Untracked 
|  66|0x0000000085c00000, 0x0000000085c00000, 0x0000000085d00000|  0%| F|  |TAMS 0x0000000085c00000, 0x0000000085c00000| Untracked 
|  67|0x0000000085d00000, 0x0000000085d00000, 0x0000000085e00000|  0%| F|  |TAMS 0x0000000085d00000, 0x0000000085d00000| Untracked 
|  68|0x0000000085e00000, 0x0000000085e00000, 0x0000000085f00000|  0%| F|  |TAMS 0x0000000085e00000, 0x0000000085e00000| Untracked 
|  69|0x0000000085f00000, 0x0000000085f00000, 0x0000000086000000|  0%| F|  |TAMS 0x0000000085f00000, 0x0000000085f00000| Untracked 
|  70|0x0000000086000000, 0x0000000086000000, 0x0000000086100000|  0%| F|  |TAMS 0x0000000086000000, 0x0000000086000000| Untracked 
|  71|0x0000000086100000, 0x0000000086100000, 0x0000000086200000|  0%| F|  |TAMS 0x0000000086100000, 0x0000000086100000| Untracked 
|  72|0x0000000086200000, 0x0000000086200000, 0x0000000086300000|  0%| F|  |TAMS 0x0000000086200000, 0x0000000086200000| Untracked 
|  73|0x0000000086300000, 0x0000000086300000, 0x0000000086400000|  0%| F|  |TAMS 0x0000000086300000, 0x0000000086300000| Untracked 
|  74|0x0000000086400000, 0x0000000086400000, 0x0000000086500000|  0%| F|  |TAMS 0x0000000086400000, 0x0000000086400000| Untracked 
|  75|0x0000000086500000, 0x0000000086500000, 0x0000000086600000|  0%| F|  |TAMS 0x0000000086500000, 0x0000000086500000| Untracked 
|  76|0x0000000086600000, 0x0000000086600000, 0x0000000086700000|  0%| F|  |TAMS 0x0000000086600000, 0x0000000086600000| Untracked 
|  77|0x0000000086700000, 0x0000000086700000, 0x0000000086800000|  0%| F|  |TAMS 0x0000000086700000, 0x0000000086700000| Untracked 
|  78|0x0000000086800000, 0x0000000086800000, 0x0000000086900000|  0%| F|  |TAMS 0x0000000086800000, 0x0000000086800000| Untracked 
|  79|0x0000000086900000, 0x0000000086900000, 0x0000000086a00000|  0%| F|  |TAMS 0x0000000086900000, 0x0000000086900000| Untracked 
|  80|0x0000000086a00000, 0x0000000086a00000, 0x0000000086b00000|  0%| F|  |TAMS 0x0000000086a00000, 0x0000000086a00000| Untracked 
|  81|0x0000000086b00000, 0x0000000086b00000, 0x0000000086c00000|  0%| F|  |TAMS 0x0000000086b00000, 0x0000000086b00000| Untracked 
|  82|0x0000000086c00000, 0x0000000086c00000, 0x0000000086d00000|  0%| F|  |TAMS 0x0000000086c00000, 0x0000000086c00000| Untracked 
|  83|0x0000000086d00000, 0x0000000086d00000, 0x0000000086e00000|  0%| F|  |TAMS 0x0000000086d00000, 0x0000000086d00000| Untracked 
|  84|0x0000000086e00000, 0x0000000086e00000, 0x0000000086f00000|  0%| F|  |TAMS 0x0000000086e00000, 0x0000000086e00000| Untracked 
|  85|0x0000000086f00000, 0x0000000086f00000, 0x0000000087000000|  0%| F|  |TAMS 0x0000000086f00000, 0x0000000086f00000| Untracked 
|  86|0x0000000087000000, 0x0000000087000000, 0x0000000087100000|  0%| F|  |TAMS 0x0000000087000000, 0x0000000087000000| Untracked 
|  87|0x0000000087100000, 0x0000000087100000, 0x0000000087200000|  0%| F|  |TAMS 0x0000000087100000, 0x0000000087100000| Untracked 
|  88|0x0000000087200000, 0x0000000087200000, 0x0000000087300000|  0%| F|  |TAMS 0x0000000087200000, 0x0000000087200000| Untracked 
|  89|0x0000000087300000, 0x0000000087300000, 0x0000000087400000|  0%| F|  |TAMS 0x0000000087300000, 0x0000000087300000| Untracked 
|  90|0x0000000087400000, 0x0000000087400000, 0x0000000087500000|  0%| F|  |TAMS 0x0000000087400000, 0x0000000087400000| Untracked 
|  91|0x0000000087500000, 0x0000000087500000, 0x0000000087600000|  0%| F|  |TAMS 0x0000000087500000, 0x0000000087500000| Untracked 
|  92|0x0000000087600000, 0x0000000087600000, 0x0000000087700000|  0%| F|  |TAMS 0x0000000087600000, 0x0000000087600000| Untracked 
|  93|0x0000000087700000, 0x0000000087700000, 0x0000000087800000|  0%| F|  |TAMS 0x0000000087700000, 0x0000000087700000| Untracked 
|  94|0x0000000087800000, 0x0000000087800000, 0x0000000087900000|  0%| F|  |TAMS 0x0000000087800000, 0x0000000087800000| Untracked 
|  95|0x0000000087900000, 0x0000000087900000, 0x0000000087a00000|  0%| F|  |TAMS 0x0000000087900000, 0x0000000087900000| Untracked 
|  96|0x0000000087a00000, 0x0000000087a00000, 0x0000000087b00000|  0%| F|  |TAMS 0x0000000087a00000, 0x0000000087a00000| Untracked 
|  97|0x0000000087b00000, 0x0000000087b00000, 0x0000000087c00000|  0%| F|  |TAMS 0x0000000087b00000, 0x0000000087b00000| Untracked 
|  98|0x0000000087c00000, 0x0000000087c00000, 0x0000000087d00000|  0%| F|  |TAMS 0x0000000087c00000, 0x0000000087c00000| Untracked 
|  99|0x0000000087d00000, 0x0000000087d00000, 0x0000000087e00000|  0%| F|  |TAMS 0x0000000087d00000, 0x0000000087d00000| Untracked 
| 100|0x0000000087e00000, 0x0000000087e00000, 0x0000000087f00000|  0%| F|  |TAMS 0x0000000087e00000, 0x0000000087e00000| Untracked 
| 101|0x0000000087f00000, 0x0000000087f00000, 0x0000000088000000|  0%| F|  |TAMS 0x0000000087f00000, 0x0000000087f00000| Untracked 
| 102|0x0000000088000000, 0x0000000088000000, 0x0000000088100000|  0%| F|  |TAMS 0x0000000088000000, 0x0000000088000000| Untracked 
| 103|0x0000000088100000, 0x0000000088100000, 0x0000000088200000|  0%| F|  |TAMS 0x0000000088100000, 0x0000000088100000| Untracked 
| 104|0x0000000088200000, 0x0000000088200000, 0x0000000088300000|  0%| F|  |TAMS 0x0000000088200000, 0x0000000088200000| Untracked 
| 105|0x0000000088300000, 0x0000000088300000, 0x0000000088400000|  0%| F|  |TAMS 0x0000000088300000, 0x0000000088300000| Untracked 
| 106|0x0000000088400000, 0x0000000088400000, 0x0000000088500000|  0%| F|  |TAMS 0x0000000088400000, 0x0000000088400000| Untracked 
| 107|0x0000000088500000, 0x0000000088500000, 0x0000000088600000|  0%| F|  |TAMS 0x0000000088500000, 0x0000000088500000| Untracked 
| 108|0x0000000088600000, 0x0000000088600000, 0x0000000088700000|  0%| F|  |TAMS 0x0000000088600000, 0x0000000088600000| Untracked 
| 109|0x0000000088700000, 0x0000000088700000, 0x0000000088800000|  0%| F|  |TAMS 0x0000000088700000, 0x0000000088700000| Untracked 
| 110|0x0000000088800000, 0x0000000088800000, 0x0000000088900000|  0%| F|  |TAMS 0x0000000088800000, 0x0000000088800000| Untracked 
| 111|0x0000000088900000, 0x0000000088993ac0, 0x0000000088a00000| 57%| S|CS|TAMS 0x0000000088900000, 0x0000000088900000| Complete 
| 112|0x0000000088a00000, 0x0000000088b00000, 0x0000000088b00000|100%| S|CS|TAMS 0x0000000088a00000, 0x0000000088a00000| Complete 
| 113|0x0000000088b00000, 0x0000000088c00000, 0x0000000088c00000|100%| S|CS|TAMS 0x0000000088b00000, 0x0000000088b00000| Complete 
| 114|0x0000000088c00000, 0x0000000088d00000, 0x0000000088d00000|100%| S|CS|TAMS 0x0000000088c00000, 0x0000000088c00000| Complete 
| 115|0x0000000088d00000, 0x0000000088d00000, 0x0000000088e00000|  0%| F|  |TAMS 0x0000000088d00000, 0x0000000088d00000| Untracked 
| 116|0x0000000088e00000, 0x0000000088e00000, 0x0000000088f00000|  0%| F|  |TAMS 0x0000000088e00000, 0x0000000088e00000| Untracked 
| 117|0x0000000088f00000, 0x0000000088f00000, 0x0000000089000000|  0%| F|  |TAMS 0x0000000088f00000, 0x0000000088f00000| Untracked 
| 118|0x0000000089000000, 0x0000000089000000, 0x0000000089100000|  0%| F|  |TAMS 0x0000000089000000, 0x0000000089000000| Untracked 
| 119|0x0000000089100000, 0x0000000089100000, 0x0000000089200000|  0%| F|  |TAMS 0x0000000089100000, 0x0000000089100000| Untracked 
| 120|0x0000000089200000, 0x0000000089200000, 0x0000000089300000|  0%| F|  |TAMS 0x0000000089200000, 0x0000000089200000| Untracked 
| 121|0x0000000089300000, 0x0000000089300000, 0x0000000089400000|  0%| F|  |TAMS 0x0000000089300000, 0x0000000089300000| Untracked 
| 122|0x0000000089400000, 0x0000000089400000, 0x0000000089500000|  0%| F|  |TAMS 0x0000000089400000, 0x0000000089400000| Untracked 
| 123|0x0000000089500000, 0x0000000089500000, 0x0000000089600000|  0%| F|  |TAMS 0x0000000089500000, 0x0000000089500000| Untracked 
| 124|0x0000000089600000, 0x0000000089600000, 0x0000000089700000|  0%| F|  |TAMS 0x0000000089600000, 0x0000000089600000| Untracked 
| 125|0x0000000089700000, 0x0000000089700000, 0x0000000089800000|  0%| F|  |TAMS 0x0000000089700000, 0x0000000089700000| Untracked 
| 126|0x0000000089800000, 0x0000000089800000, 0x0000000089900000|  0%| F|  |TAMS 0x0000000089800000, 0x0000000089800000| Untracked 
| 127|0x0000000089900000, 0x0000000089900000, 0x0000000089a00000|  0%| F|  |TAMS 0x0000000089900000, 0x0000000089900000| Untracked 
| 128|0x0000000089a00000, 0x0000000089a00000, 0x0000000089b00000|  0%| F|  |TAMS 0x0000000089a00000, 0x0000000089a00000| Untracked 
| 129|0x0000000089b00000, 0x0000000089b00000, 0x0000000089c00000|  0%| F|  |TAMS 0x0000000089b00000, 0x0000000089b00000| Untracked 
| 130|0x0000000089c00000, 0x0000000089c00000, 0x0000000089d00000|  0%| F|  |TAMS 0x0000000089c00000, 0x0000000089c00000| Untracked 
| 131|0x0000000089d00000, 0x0000000089d00000, 0x0000000089e00000|  0%| F|  |TAMS 0x0000000089d00000, 0x0000000089d00000| Untracked 
| 132|0x0000000089e00000, 0x0000000089e00000, 0x0000000089f00000|  0%| F|  |TAMS 0x0000000089e00000, 0x0000000089e00000| Untracked 
| 133|0x0000000089f00000, 0x0000000089f00000, 0x000000008a000000|  0%| F|  |TAMS 0x0000000089f00000, 0x0000000089f00000| Untracked 
| 134|0x000000008a000000, 0x000000008a000000, 0x000000008a100000|  0%| F|  |TAMS 0x000000008a000000, 0x000000008a000000| Untracked 
| 135|0x000000008a100000, 0x000000008a100000, 0x000000008a200000|  0%| F|  |TAMS 0x000000008a100000, 0x000000008a100000| Untracked 
| 136|0x000000008a200000, 0x000000008a200000, 0x000000008a300000|  0%| F|  |TAMS 0x000000008a200000, 0x000000008a200000| Untracked 
| 137|0x000000008a300000, 0x000000008a300000, 0x000000008a400000|  0%| F|  |TAMS 0x000000008a300000, 0x000000008a300000| Untracked 
| 138|0x000000008a400000, 0x000000008a400000, 0x000000008a500000|  0%| F|  |TAMS 0x000000008a400000, 0x000000008a400000| Untracked 
| 139|0x000000008a500000, 0x000000008a500000, 0x000000008a600000|  0%| F|  |TAMS 0x000000008a500000, 0x000000008a500000| Untracked 
| 140|0x000000008a600000, 0x000000008a600000, 0x000000008a700000|  0%| F|  |TAMS 0x000000008a600000, 0x000000008a600000| Untracked 
| 141|0x000000008a700000, 0x000000008a700000, 0x000000008a800000|  0%| F|  |TAMS 0x000000008a700000, 0x000000008a700000| Untracked 
| 142|0x000000008a800000, 0x000000008a800000, 0x000000008a900000|  0%| F|  |TAMS 0x000000008a800000, 0x000000008a800000| Untracked 
| 143|0x000000008a900000, 0x000000008a900000, 0x000000008aa00000|  0%| F|  |TAMS 0x000000008a900000, 0x000000008a900000| Untracked 
| 144|0x000000008aa00000, 0x000000008aa00000, 0x000000008ab00000|  0%| F|  |TAMS 0x000000008aa00000, 0x000000008aa00000| Untracked 
| 145|0x000000008ab00000, 0x000000008ab00000, 0x000000008ac00000|  0%| F|  |TAMS 0x000000008ab00000, 0x000000008ab00000| Untracked 
| 146|0x000000008ac00000, 0x000000008ac00000, 0x000000008ad00000|  0%| F|  |TAMS 0x000000008ac00000, 0x000000008ac00000| Untracked 
| 147|0x000000008ad00000, 0x000000008ae00000, 0x000000008ae00000|100%| E|  |TAMS 0x000000008ad00000, 0x000000008ad00000| Complete 
| 148|0x000000008ae00000, 0x000000008af00000, 0x000000008af00000|100%| E|CS|TAMS 0x000000008ae00000, 0x000000008ae00000| Complete 
| 149|0x000000008af00000, 0x000000008b000000, 0x000000008b000000|100%| E|CS|TAMS 0x000000008af00000, 0x000000008af00000| Complete 
| 150|0x000000008b000000, 0x000000008b100000, 0x000000008b100000|100%| E|CS|TAMS 0x000000008b000000, 0x000000008b000000| Complete 
| 151|0x000000008b100000, 0x000000008b200000, 0x000000008b200000|100%| E|CS|TAMS 0x000000008b100000, 0x000000008b100000| Complete 
| 152|0x000000008b200000, 0x000000008b300000, 0x000000008b300000|100%| E|CS|TAMS 0x000000008b200000, 0x000000008b200000| Complete 
| 153|0x000000008b300000, 0x000000008b400000, 0x000000008b400000|100%| E|CS|TAMS 0x000000008b300000, 0x000000008b300000| Complete 

Card table byte_map: [0x000002cfe2410000,0x000002cfe2810000] _byte_map_base: 0x000002cfe2003000

Marking Bits (Prev, Next): (CMBitMap*) 0x000002cfcac5c868, (CMBitMap*) 0x000002cfcac5c8a0
 Prev Bits: [0x000002cfe2c10000, 0x000002cfe4ba8000)
 Next Bits: [0x000002cfe4bb0000, 0x000002cfe6b48000)

Polling page: 0x000002cfc89f0000

Metaspace:

Usage:
  Non-class:     51.16 MB capacity,    50.17 MB ( 98%) used,   832.32 KB (  2%) free+waste,   180.63 KB ( <1%) overhead. 
      Class:      8.17 MB capacity,     7.59 MB ( 93%) used,   510.59 KB (  6%) free+waste,    87.44 KB (  1%) overhead. 
       Both:     59.34 MB capacity,    57.76 MB ( 97%) used,     1.31 MB (  2%) free+waste,   268.06 KB ( <1%) overhead. 

Virtual space:
  Non-class space:       52.00 MB reserved,      51.33 MB ( 99%) committed 
      Class space:        1.00 GB reserved,       8.20 MB ( <1%) committed 
             Both:        1.05 GB reserved,      59.53 MB (  6%) committed 

Chunk freelists:
   Non-Class:  1.25 KB
       Class:  1.75 KB
        Both:  3.00 KB

CodeHeap 'non-profiled nmethods': size=238912Kb used=9163Kb max_used=9163Kb free=229748Kb
 bounds [0x000002cfd36c0000, 0x000002cfd3fc0000, 0x000002cfe2010000]
CodeHeap 'non-nmethods': size=6848Kb used=1238Kb max_used=1238Kb free=5610Kb
 bounds [0x000002cfd3010000, 0x000002cfd3280000, 0x000002cfd36c0000]
 total_blobs=6221 nmethods=5566 adapters=536
 compilation: enabled
              stopped_count=0, restarted_count=0
 full_count=0

Compilation events (10 events):
Event: 28.918 Thread 0x000002cfe9072800 5591       1       net.bytebuddy.description.annotation.AnnotationValue$ForConstant$PropertyDelegate$ForNonArrayType::hashCode (5 bytes)
Event: 28.919 Thread 0x000002cfe9072800 nmethod 5591 0x000002cfd3fb1c10 code [0x000002cfd3fb1dc0, 0x000002cfd3fb1f10]
Event: 28.919 Thread 0x000002cfe9072800 5592       1       net.bytebuddy.description.method.MethodList$Explicit::get (6 bytes)
Event: 28.919 Thread 0x000002cfe9072800 nmethod 5592 0x000002cfd3fb1f90 code [0x000002cfd3fb2140, 0x000002cfd3fb22d0]
Event: 28.919 Thread 0x000002cfe9072800 5593       1       net.bytebuddy.description.method.MethodList$Explicit::get (14 bytes)
Event: 28.920 Thread 0x000002cfe9072800 nmethod 5593 0x000002cfd3fb2390 code [0x000002cfd3fb2540, 0x000002cfd3fb26d0]
Event: 28.920 Thread 0x000002cfe9072800 5594       1       net.bytebuddy.description.type.TypeDefinition$Sort::describe (8 bytes)
Event: 28.920 Thread 0x000002cfe9072800 nmethod 5594 0x000002cfd3fb2790 code [0x000002cfd3fb2940, 0x000002cfd3fb2a70]
Event: 28.921 Thread 0x000002cfe9072800 5595       1       net.bytebuddy.description.type.TypeDescription$AbstractBase$OfSimpleType::isArray (2 bytes)
Event: 28.921 Thread 0x000002cfe9072800 nmethod 5595 0x000002cfd3fb2b10 code [0x000002cfd3fb2ca0, 0x000002cfd3fb2db8]

GC Heap History (10 events):
Event: 23.220 GC heap before
{Heap before GC invocations=13 (full 0):
 garbage-first heap   total 131072K, used 94102K [0x0000000081a00000, 0x0000000100000000)
  region size 1024K, 69 young (70656K), 6 survivors (6144K)
 Metaspace       used 37176K, capacity 38424K, committed 38780K, reserved 1083392K
  class space    used 4718K, capacity 5210K, committed 5324K, reserved 1048576K
}
Event: 23.231 GC heap after
{Heap after GC invocations=14 (full 0):
 garbage-first heap   total 131072K, used 31204K [0x0000000081a00000, 0x0000000100000000)
  region size 1024K, 4 young (4096K), 4 survivors (4096K)
 Metaspace       used 37176K, capacity 38424K, committed 38780K, reserved 1083392K
  class space    used 4718K, capacity 5210K, committed 5324K, reserved 1048576K
}
Event: 25.681 GC heap before
{Heap before GC invocations=14 (full 0):
 garbage-first heap   total 131072K, used 96740K [0x0000000081a00000, 0x0000000100000000)
  region size 1024K, 69 young (70656K), 4 survivors (4096K)
 Metaspace       used 43982K, capacity 45419K, committed 45564K, reserved 1089536K
  class space    used 5576K, capacity 6103K, committed 6220K, reserved 1048576K
}
Event: 25.699 GC heap after
{Heap after GC invocations=15 (full 0):
 garbage-first heap   total 131072K, used 35403K [0x0000000081a00000, 0x0000000100000000)
  region size 1024K, 8 young (8192K), 8 survivors (8192K)
 Metaspace       used 43982K, capacity 45419K, committed 45564K, reserved 1089536K
  class space    used 5576K, capacity 6103K, committed 6220K, reserved 1048576K
}
Event: 26.913 GC heap before
{Heap before GC invocations=15 (full 0):
 garbage-first heap   total 131072K, used 98891K [0x0000000081a00000, 0x0000000100000000)
  region size 1024K, 71 young (72704K), 8 survivors (8192K)
 Metaspace       used 52117K, capacity 53605K, committed 53884K, reserved 1095680K
  class space    used 6657K, capacity 7237K, committed 7372K, reserved 1048576K
}
Event: 26.935 GC heap after
{Heap after GC invocations=16 (full 0):
 garbage-first heap   total 131072K, used 38109K [0x0000000081a00000, 0x0000000100000000)
  region size 1024K, 7 young (7168K), 7 survivors (7168K)
 Metaspace       used 52117K, capacity 53605K, committed 53884K, reserved 1095680K
  class space    used 6657K, capacity 7237K, committed 7372K, reserved 1048576K
}
Event: 28.310 GC heap before
{Heap before GC invocations=16 (full 0):
 garbage-first heap   total 131072K, used 102621K [0x0000000081a00000, 0x0000000100000000)
  region size 1024K, 70 young (71680K), 7 survivors (7168K)
 Metaspace       used 57336K, capacity 58901K, committed 59004K, reserved 1099776K
  class space    used 7461K, capacity 8073K, committed 8140K, reserved 1048576K
}
Event: 28.340 GC heap after
{Heap after GC invocations=17 (full 0):
 garbage-first heap   total 131072K, used 41497K [0x0000000081a00000, 0x0000000100000000)
  region size 1024K, 6 young (6144K), 6 survivors (6144K)
 Metaspace       used 57336K, capacity 58901K, committed 59004K, reserved 1099776K
  class space    used 7461K, capacity 8073K, committed 8140K, reserved 1048576K
}
Event: 28.700 GC heap before
{Heap before GC invocations=17 (full 0):
 garbage-first heap   total 131072K, used 52761K [0x0000000081a00000, 0x0000000100000000)
  region size 1024K, 19 young (19456K), 6 survivors (6144K)
 Metaspace       used 58655K, capacity 60178K, committed 60284K, reserved 1101824K
  class space    used 7687K, capacity 8304K, committed 8396K, reserved 1048576K
}
Event: 28.723 GC heap after
{Heap after GC invocations=18 (full 0):
 garbage-first heap   total 157696K, used 41893K [0x0000000081a00000, 0x0000000100000000)
  region size 1024K, 4 young (4096K), 4 survivors (4096K)
 Metaspace       used 58655K, capacity 60178K, committed 60284K, reserved 1101824K
  class space    used 7687K, capacity 8304K, committed 8396K, reserved 1048576K
}

Deoptimization events (0 events):
No events

Classes redefined (0 events):
No events

Internal exceptions (10 events):
Event: 25.471 Thread 0x000002cfeaf44800 Exception <a 'java/io/FileNotFoundException'{0x00000000863d91c8}> (0x00000000863d91c8) thrown at [./open/src/hotspot/share/prims/jni.cpp, line 611]
Event: 26.674 Thread 0x000002cfeaf44800 Exception <a 'java/lang/NoSuchMethodError'{0x000000008651af80}: java.lang.invoke.DirectMethodHandle$Holder.invokeStaticInit(Ljava/lang/Object;Ljava/lang/Object;Ljava/lang/Object;Ljava/lang/Object;)I> (0x000000008651af80) thrown at [./open/src/hotspot/shar
Event: 26.713 Thread 0x000002cfeaf44800 Exception <a 'sun/nio/fs/WindowsException'{0x000000008654d790}> (0x000000008654d790) thrown at [./open/src/hotspot/share/prims/jni.cpp, line 611]
Event: 26.965 Thread 0x000002cfee402000 Exception <a 'java/lang/NoSuchMethodError'{0x000000008996a660}: java.lang.invoke.DirectMethodHandle$Holder.newInvokeSpecial(Ljava/lang/Object;Ljava/lang/Object;ILjava/lang/Object;Ljava/lang/Object;)Ljava/lang/Object;> (0x000000008996a660) thrown at [./ope
Event: 28.476 Thread 0x000002cfeaf44800 Exception <a 'java/lang/ClassNotFoundException'{0x0000000089323288}: java/lang/ObjectCustomizer> (0x0000000089323288) thrown at [./open/src/hotspot/share/classfile/systemDictionary.cpp, line 228]
Event: 28.485 Thread 0x000002cfeaf44800 Exception <a 'java/lang/ClassNotFoundException'{0x000000008935cc70}: org/springframework/security/config/annotation/web/configuration/WebSecurityConfigurationCustomizer> (0x000000008935cc70) thrown at [./open/src/hotspot/share/classfile/systemDictionary.c
Event: 28.490 Thread 0x000002cfeaf44800 Exception <a 'java/lang/ClassNotFoundException'{0x0000000089209658}: org/springframework/context/annotation/ImportAwareCustomizer> (0x0000000089209658) thrown at [./open/src/hotspot/share/classfile/systemDictionary.cpp, line 228]
Event: 28.493 Thread 0x000002cfeaf44800 Exception <a 'java/lang/ClassNotFoundException'{0x000000008922cb20}: org/springframework/beans/factory/AwareCustomizer> (0x000000008922cb20) thrown at [./open/src/hotspot/share/classfile/systemDictionary.cpp, line 228]
Event: 28.497 Thread 0x000002cfeaf44800 Exception <a 'java/lang/ClassNotFoundException'{0x0000000089254dd8}: org/springframework/beans/factory/BeanClassLoaderAwareCustomizer> (0x0000000089254dd8) thrown at [./open/src/hotspot/share/classfile/systemDictionary.cpp, line 228]
Event: 28.503 Thread 0x000002cfeaf44800 Exception <a 'java/lang/ClassNotFoundException'{0x00000000892782b0}: org/springframework/beans/factory/AwareCustomizer> (0x00000000892782b0) thrown at [./open/src/hotspot/share/classfile/systemDictionary.cpp, line 228]

Events (10 events):
Event: 28.889 loading class org/springframework/security/config/annotation/web/AbstractRequestMatcherRegistry$RequestMatchers done
Event: 28.890 loading class org/springframework/security/web/util/matcher/AntPathRequestMatcher$SubpathMatcher
Event: 28.890 loading class org/springframework/security/web/util/matcher/AntPathRequestMatcher$SubpathMatcher done
Event: 28.914 loading class org/springframework/security/config/annotation/web/configurers/ExpressionUrlAuthorizationConfigurer$AuthorizedUrl
Event: 28.914 loading class org/springframework/security/config/annotation/web/configurers/ExpressionUrlAuthorizationConfigurer$AuthorizedUrl done
Event: 28.916 loading class org/springframework/security/access/SecurityConfig
Event: 28.916 loading class org/springframework/security/access/SecurityConfig done
Event: 28.917 loading class org/springframework/security/config/annotation/web/configurers/AbstractConfigAttributeRequestMatcherRegistry$UrlMapping
Event: 28.917 loading class org/springframework/security/config/annotation/web/configurers/AbstractConfigAttributeRequestMatcherRegistry$UrlMapping done
Event: 28.922 Executing VM operation: CGC_Operation


Dynamic libraries:
0x00007ff7bb910000 - 0x00007ff7bb957000 	C:\Program Files\Java\jdk-11.0.7\bin\javaw.exe
0x00007ffcb4500000 - 0x00007ffcb46f0000 	C:\WINDOWS\SYSTEM32\ntdll.dll
0x00007ffcb2870000 - 0x00007ffcb2922000 	C:\WINDOWS\System32\KERNEL32.DLL
0x00007ffcb1860000 - 0x00007ffcb1b04000 	C:\WINDOWS\System32\KERNELBASE.dll
0x00007ffcb42d0000 - 0x00007ffcb4373000 	C:\WINDOWS\System32\ADVAPI32.dll
0x00007ffcb43b0000 - 0x00007ffcb444e000 	C:\WINDOWS\System32\msvcrt.dll
0x00007ffcb25b0000 - 0x00007ffcb2647000 	C:\WINDOWS\System32\sechost.dll
0x00007ffcb3f70000 - 0x00007ffcb4090000 	C:\WINDOWS\System32\RPCRT4.dll
0x00007ffcb3c70000 - 0x00007ffcb3e05000 	C:\WINDOWS\System32\USER32.dll
0x00007ffcb2350000 - 0x00007ffcb2371000 	C:\WINDOWS\System32\win32u.dll
0x00007ffcb4380000 - 0x00007ffcb43a6000 	C:\WINDOWS\System32\GDI32.dll
0x00007ffcb15c0000 - 0x00007ffcb1756000 	C:\WINDOWS\System32\gdi32full.dll
0x00007ffcb14a0000 - 0x00007ffcb153e000 	C:\WINDOWS\System32\msvcp_win.dll
0x00007ffcb1760000 - 0x00007ffcb185a000 	C:\WINDOWS\System32\ucrtbase.dll
0x00007ffca64c0000 - 0x00007ffca6744000 	C:\WINDOWS\WinSxS\amd64_microsoft.windows.common-controls_6595b64144ccf1df_6.0.18362.1016_none_9e7a36bbe461dae4\COMCTL32.dll
0x00007ffcb2ab0000 - 0x00007ffcb2de5000 	C:\WINDOWS\System32\combase.dll
0x00007ffcb23e0000 - 0x00007ffcb2460000 	C:\WINDOWS\System32\bcryptPrimitives.dll
0x00007ffca78f0000 - 0x00007ffca78fa000 	C:\WINDOWS\SYSTEM32\VERSION.dll
0x00007ffcb2660000 - 0x00007ffcb268e000 	C:\WINDOWS\System32\IMM32.DLL
0x00007ffcaaeb0000 - 0x00007ffcaaec6000 	C:\Program Files\Java\jdk-11.0.7\bin\vcruntime140.dll
0x00007ffc987e0000 - 0x00007ffc9888a000 	C:\Program Files\Java\jdk-11.0.7\bin\msvcp140.dll
0x00007ffc886a0000 - 0x00007ffc89201000 	C:\Program Files\Java\jdk-11.0.7\bin\server\jvm.dll
0x00007ffcb2650000 - 0x00007ffcb2658000 	C:\WINDOWS\System32\PSAPI.DLL
0x00007ffc9f050000 - 0x00007ffc9f059000 	C:\WINDOWS\SYSTEM32\WSOCK32.dll
0x00007ffcb3790000 - 0x00007ffcb37ff000 	C:\WINDOWS\System32\WS2_32.dll
0x00007ffcaf430000 - 0x00007ffcaf454000 	C:\WINDOWS\SYSTEM32\WINMM.dll
0x00007ffcaf400000 - 0x00007ffcaf42d000 	C:\WINDOWS\SYSTEM32\WINMMBASE.dll
0x00007ffcb1570000 - 0x00007ffcb15ba000 	C:\WINDOWS\System32\cfgmgr32.dll
0x00007ffcb1410000 - 0x00007ffcb1421000 	C:\WINDOWS\System32\kernel.appcore.dll
0x00007ffcadc90000 - 0x00007ffcadca1000 	C:\Program Files\Java\jdk-11.0.7\bin\verify.dll
0x00007ffc9ea20000 - 0x00007ffc9ec14000 	C:\WINDOWS\SYSTEM32\DBGHELP.DLL
0x00007ffca1ae0000 - 0x00007ffca1b0a000 	C:\WINDOWS\SYSTEM32\dbgcore.DLL
0x00007ffcaacf0000 - 0x00007ffcaad19000 	C:\Program Files\Java\jdk-11.0.7\bin\java.dll
0x00007ffcaf4d0000 - 0x00007ffcaf4da000 	C:\Program Files\Java\jdk-11.0.7\bin\jimage.dll
0x00007ffca4890000 - 0x00007ffca48a6000 	C:\Program Files\Java\jdk-11.0.7\bin\zip.dll
0x00007ffcb2e10000 - 0x00007ffcb34f7000 	C:\WINDOWS\System32\SHELL32.dll
0x00007ffcb2760000 - 0x00007ffcb2809000 	C:\WINDOWS\System32\shcore.dll
0x00007ffcb1b10000 - 0x00007ffcb2292000 	C:\WINDOWS\System32\windows.storage.dll
0x00007ffcb1450000 - 0x00007ffcb1473000 	C:\WINDOWS\System32\profapi.dll
0x00007ffcb13c0000 - 0x00007ffcb140a000 	C:\WINDOWS\System32\powrprof.dll
0x00007ffcb13b0000 - 0x00007ffcb13c0000 	C:\WINDOWS\System32\UMPDC.dll
0x00007ffcb4460000 - 0x00007ffcb44b2000 	C:\WINDOWS\System32\shlwapi.dll
0x00007ffcb1480000 - 0x00007ffcb1497000 	C:\WINDOWS\System32\cryptsp.dll
0x00007ffcab9f0000 - 0x00007ffcaba09000 	C:\Program Files\Java\jdk-11.0.7\bin\net.dll
0x00007ffca6250000 - 0x00007ffca6340000 	C:\WINDOWS\SYSTEM32\WINHTTP.dll
0x00007ffcb0bb0000 - 0x00007ffcb0c17000 	C:\WINDOWS\system32\mswsock.dll
0x00007ffcab9d0000 - 0x00007ffcab9e3000 	C:\Program Files\Java\jdk-11.0.7\bin\nio.dll
0x00007ffcaaea0000 - 0x00007ffcaaea9000 	C:\Program Files\Java\jdk-11.0.7\bin\management.dll
0x00007ffca3890000 - 0x00007ffca389c000 	C:\Program Files\Java\jdk-11.0.7\bin\management_ext.dll
0x00007ffc9da40000 - 0x00007ffc9da56000 	C:\WINDOWS\system32\napinsp.dll
0x00007ffc9d920000 - 0x00007ffc9d93a000 	C:\WINDOWS\system32\pnrpnsp.dll
0x00007ffcb0910000 - 0x00007ffcb09db000 	C:\WINDOWS\SYSTEM32\DNSAPI.dll
0x00007ffcb4450000 - 0x00007ffcb4458000 	C:\WINDOWS\System32\NSI.dll
0x00007ffcb08c0000 - 0x00007ffcb08fa000 	C:\WINDOWS\SYSTEM32\IPHLPAPI.DLL
0x00007ffc9ced0000 - 0x00007ffc9cede000 	C:\WINDOWS\System32\winrnr.dll
0x00007ffcadbf0000 - 0x00007ffcadc0c000 	C:\WINDOWS\system32\NLAapi.dll
0x00007ffc9ceb0000 - 0x00007ffc9cec5000 	C:\WINDOWS\system32\wshbth.dll
0x00007ffca3440000 - 0x00007ffca344a000 	C:\Windows\System32\rasadhlp.dll
0x00007ffca7140000 - 0x00007ffca71b7000 	C:\WINDOWS\System32\fwpuclnt.dll
0x00007ffcb1540000 - 0x00007ffcb1566000 	C:\WINDOWS\System32\bcrypt.dll
0x00007ffcb0720000 - 0x00007ffcb0753000 	C:\WINDOWS\system32\rsaenh.dll
0x00007ffcb12a0000 - 0x00007ffcb12c5000 	C:\WINDOWS\SYSTEM32\USERENV.dll
0x00007ffcb0d80000 - 0x00007ffcb0d8c000 	C:\WINDOWS\SYSTEM32\CRYPTBASE.dll
0x00007ffca78b0000 - 0x00007ffca78c6000 	C:\WINDOWS\SYSTEM32\dhcpcsvc6.DLL
0x00007ffca7990000 - 0x00007ffca79ac000 	C:\WINDOWS\SYSTEM32\dhcpcsvc.DLL
0x00007ffc98990000 - 0x00007ffc989b6000 	C:\Program Files\Java\jdk-11.0.7\bin\sunec.dll

dbghelp: loaded successfully - version: 4.0.5 - missing functions: none
symbol engine: initialized successfully - sym options: 0x614 - pdb path: .;C:\Program Files\Java\jdk-11.0.7\bin;C:\WINDOWS\SYSTEM32;C:\WINDOWS\WinSxS\amd64_microsoft.windows.common-controls_6595b64144ccf1df_6.0.18362.1016_none_9e7a36bbe461dae4;C:\Program Files\Java\jdk-11.0.7\bin\server

VM Arguments:
jvm_args: -Dcom.sun.management.jmxremote -Dcom.sun.management.jmxremote.port=2234 -Dcom.sun.management.jmxremote.authenticate=false -Dcom.sun.management.jmxremote.ssl=false -Djava.rmi.server.hostname=localhost -Dspring.jmx.enabled=true -Dspring.application.admin.enabled=true -Xverify:none -XX:TieredStopAtLevel=1 -Dspring.boot.project.name=cursomc -Dfile.encoding=UTF-8 
java_command: com.maykon.cursomc.CursomcApplication --spring.output.ansi.enabled=always
java_class_path (initial): D:\STS_curso_spring_ionic\cursomc\target\classes;C:\Users\Family\.m2\repository\org\springframework\boot\spring-boot-starter-web\2.3.2.RELEASE\spring-boot-starter-web-2.3.2.RELEASE.jar;C:\Users\Family\.m2\repository\org\springframework\boot\spring-boot-starter\2.3.2.RELEASE\spring-boot-starter-2.3.2.RELEASE.jar;C:\Users\Family\.m2\repository\org\springframework\boot\spring-boot-starter-logging\2.3.2.RELEASE\spring-boot-starter-logging-2.3.2.RELEASE.jar;C:\Users\Family\.m2\repository\ch\qos\logback\logback-classic\1.2.3\logback-classic-1.2.3.jar;C:\Users\Family\.m2\repository\ch\qos\logback\logback-core\1.2.3\logback-core-1.2.3.jar;C:\Users\Family\.m2\repository\org\apache\logging\log4j\log4j-to-slf4j\2.13.3\log4j-to-slf4j-2.13.3.jar;C:\Users\Family\.m2\repository\org\apache\logging\log4j\log4j-api\2.13.3\log4j-api-2.13.3.jar;C:\Users\Family\.m2\repository\org\slf4j\jul-to-slf4j\1.7.30\jul-to-slf4j-1.7.30.jar;C:\Users\Family\.m2\repository\jakarta\annotation\jakarta.annotation-api\1.3.5\jakarta.annotation-api-1.3.5.jar;C:\Users\Family\.m2\repository\org\yaml\snakeyaml\1.26\snakeyaml-1.26.jar;C:\Users\Family\.m2\repository\org\springframework\boot\spring-boot-starter-json\2.3.2.RELEASE\spring-boot-starter-json-2.3.2.RELEASE.jar;C:\Users\Family\.m2\repository\com\fasterxml\jackson\datatype\jackson-datatype-jdk8\2.11.1\jackson-datatype-jdk8-2.11.1.jar;C:\Users\Family\.m2\repository\com\fasterxml\jackson\datatype\jackson-datatype-jsr310\2.11.1\jackson-datatype-jsr310-2.11.1.jar;C:\Users\Family\.m2\repository\com\fasterxml\jackson\module\jackson-module-parameter-names\2.11.1\jackson-module-parameter-names-2.11.1.jar;C:\Users\Family\.m2\repository\org\springframework\boot\spring-boot-starter-tomcat\2.3.2.RELEASE\spring-boot-starter-tomcat-2.3.2.RELEASE.jar;C:\Users\Family\.m2\repository\org\apache\tomcat\embed\tomcat-embed-core\9.0.37\tomcat-embed-core-9.0.37.jar;C:\Users\Family\.m2\repository\org\glassfish\jakarta.el\3.0.3\jakarta.el-3.0.3.jar
Launcher Type: SUN_STANDARD

[Global flags]
     bool BytecodeVerificationLocal                = false                                     {product} {command line}
     bool BytecodeVerificationRemote               = false                                     {product} {command line}
     intx CICompilerCount                          = 3                                         {product} {ergonomic}
     uint ConcGCThreads                            = 1                                         {product} {ergonomic}
     uint G1ConcRefinementThreads                  = 4                                         {product} {ergonomic}
   size_t G1HeapRegionSize                         = 1048576                                   {product} {ergonomic}
    uintx GCDrainStackTargetSize                   = 64                                        {product} {ergonomic}
   size_t InitialHeapSize                          = 134217728                                 {product} {ergonomic}
     bool ManagementServer                         = true                                      {product} {command line}
   size_t MarkStackSize                            = 4194304                                   {product} {ergonomic}
   size_t MaxHeapSize                              = 2120220672                                {product} {ergonomic}
   size_t MaxNewSize                               = 1271922688                                {product} {ergonomic}
   size_t MinHeapDeltaBytes                        = 1048576                                   {product} {ergonomic}
    uintx NonNMethodCodeHeapSize                   = 6973028                                {pd product} {ergonomic}
    uintx NonProfiledCodeHeapSize                  = 244685212                              {pd product} {ergonomic}
    uintx ProfiledCodeHeapSize                     = 0                                      {pd product} {ergonomic}
    uintx ReservedCodeCacheSize                    = 251658240                              {pd product} {ergonomic}
     bool SegmentedCodeCache                       = true                                      {product} {ergonomic}
     intx TieredStopAtLevel                        = 1                                         {product} {command line}
     bool UseCompressedClassPointers               = true                                 {lp64_product} {ergonomic}
     bool UseCompressedOops                        = true                                 {lp64_product} {ergonomic}
     bool UseG1GC                                  = true                                      {product} {ergonomic}
     bool UseLargePagesIndividualAllocation        = false                                  {pd product} {ergonomic}

Logging:
Log output configuration:
 #0: stdout all=warning uptime,level,tags
 #1: stderr all=off uptime,level,tags

Environment Variables:
JAVA_HOME=C:\Program Files\Java\jdk-11.0.7
PATH=C:/Program Files/Java/jdk-11.0.7/bin/server;C:/Program Files/Java/jdk-11.0.7/bin;c:\Program Files\Microsoft MPI\Bin\;C:\WINDOWS\system32;C:\WINDOWS;C:\WINDOWS\System32\Wbem;C:\WINDOWS\System32\WindowsPowerShell\v1.0\;C:\WINDOWS\System32\OpenSSH\;C:\Program Files\Java\jdk-11.0.7\bin;C:\Program Files\Git\cmd;%JAVA_HOME%\bin;C:\Program Files\MongoDB\Server\4.4\bin;C:\xampp\mysql\bin;C:\Program Files\nodejs\;C:\Program Files\MySQL\MySQL Shell 8.0\bin\;C:\Users\Family\AppData\Local\Microsoft\WindowsApps;C:\Program Files\heroku\bin;C:\Users\Family\AppData\Roaming\npm;C:\Users\Family\AppData\Local\Programs\Microsoft VS Code\bin;C:\spring-tool-suite\sts-4.7.0.RELEASE;
USERNAME=Family
OS=Windows_NT
PROCESSOR_IDENTIFIER=Intel64 Family 6 Model 58 Stepping 9, GenuineIntel



---------------  S Y S T E M  ---------------

OS: Windows 10 , 64 bit Build 18362 (10.0.18362.959)

CPU:total 4 (initial active 4) (2 cores per cpu, 2 threads per core) family 6 model 58 stepping 9, cmov, cx8, fxsr, mmx, sse, sse2, sse3, ssse3, sse4.1, sse4.2, popcnt, avx, aes, clmul, erms, ht, tsc, tscinvbit, tscinv

Memory: 4k page, system-wide physical 8081M (1397M free)
TotalPageFile size 14432M (AvailPageFile size 5856M)
current process WorkingSet (physical memory assigned to process): 253M, peak: 253M
current process commit charge ("private bytes"): 334M, peak: 334M

vm_info: Java HotSpot(TM) 64-Bit Server VM (11.0.7+8-LTS) for windows-amd64 JRE (11.0.7+8-LTS), built on Mar 12 2020 02:04:32 by "mach5one" with MS VC++ 15.5 (VS2017)

END.
